[0.121s] DEBUG:colcon:Command line arguments: ['/usr/bin/colcon', 'build', '--symlink-install']
[0.121s] DEBUG:colcon:Parsed command line arguments: Namespace(log_base=None, log_level=None, verb_name='build', build_base='build', install_base='install', merge_install=False, symlink_install=True, test_result_base=None, continue_on_error=False, executor='parallel', parallel_workers=4, event_handlers=None, ignore_user_meta=False, metas=['./colcon.meta'], base_paths=['.'], packages_ignore=None, packages_ignore_regex=None, paths=None, packages_up_to=None, packages_up_to_regex=None, packages_above=None, packages_above_and_dependencies=None, packages_above_depth=None, packages_select_by_dep=None, packages_skip_by_dep=None, packages_skip_up_to=None, packages_select_build_failed=False, packages_skip_build_finished=False, packages_select_test_failures=False, packages_skip_test_passed=False, packages_select=None, packages_skip=None, packages_select_regex=None, packages_skip_regex=None, packages_start=None, packages_end=None, allow_overriding=[], cmake_args=None, cmake_target=None, cmake_target_skip_unavailable=False, cmake_clean_cache=False, cmake_clean_first=False, cmake_force_configure=False, ament_cmake_args=None, catkin_cmake_args=None, catkin_skip_building_tests=False, verb_parser=<colcon_defaults.argument_parser.defaults.DefaultArgumentsDecorator object at 0x74711e91b0d0>, verb_extension=<colcon_core.verb.build.BuildVerb object at 0x74711ea585b0>, main=<bound method BuildVerb.main of <colcon_core.verb.build.BuildVerb object at 0x74711ea585b0>>)
[0.310s] Level 1:colcon.colcon_core.package_discovery:discover_packages(colcon_meta) check parameters
[0.310s] Level 1:colcon.colcon_core.package_discovery:discover_packages(recursive) check parameters
[0.310s] Level 1:colcon.colcon_core.package_discovery:discover_packages(ignore) check parameters
[0.310s] Level 1:colcon.colcon_core.package_discovery:discover_packages(path) check parameters
[0.310s] Level 1:colcon.colcon_core.package_discovery:discover_packages(colcon_meta) discover
[0.310s] Level 1:colcon.colcon_core.package_discovery:discover_packages(recursive) discover
[0.310s] INFO:colcon.colcon_core.package_discovery:Crawling recursively for packages in '/home/yiyo/Telepresence/Telepresence-Stack/ros2/tp_ws'
[0.311s] Level 1:colcon.colcon_core.package_identification:_identify(.) by extensions ['ignore', 'ignore_ament_install']
[0.311s] Level 1:colcon.colcon_core.package_identification:_identify(.) by extension 'ignore'
[0.311s] Level 1:colcon.colcon_core.package_identification:_identify(.) by extension 'ignore_ament_install'
[0.311s] Level 1:colcon.colcon_core.package_identification:_identify(.) by extensions ['colcon_pkg']
[0.311s] Level 1:colcon.colcon_core.package_identification:_identify(.) by extension 'colcon_pkg'
[0.311s] Level 1:colcon.colcon_core.package_identification:_identify(.) by extensions ['colcon_meta']
[0.311s] Level 1:colcon.colcon_core.package_identification:_identify(.) by extension 'colcon_meta'
[0.311s] Level 1:colcon.colcon_core.package_identification:_identify(.) by extensions ['ros']
[0.311s] Level 1:colcon.colcon_core.package_identification:_identify(.) by extension 'ros'
[0.324s] Level 1:colcon.colcon_core.package_identification:_identify(.) by extensions ['cmake', 'python']
[0.324s] Level 1:colcon.colcon_core.package_identification:_identify(.) by extension 'cmake'
[0.324s] Level 1:colcon.colcon_core.package_identification:_identify(.) by extension 'python'
[0.324s] Level 1:colcon.colcon_core.package_identification:_identify(.) by extensions ['python_setup_py']
[0.324s] Level 1:colcon.colcon_core.package_identification:_identify(.) by extension 'python_setup_py'
[0.324s] Level 1:colcon.colcon_core.package_identification:_identify(build) by extensions ['ignore', 'ignore_ament_install']
[0.324s] Level 1:colcon.colcon_core.package_identification:_identify(build) by extension 'ignore'
[0.324s] Level 1:colcon.colcon_core.package_identification:_identify(build) ignored
[0.324s] Level 1:colcon.colcon_core.package_identification:_identify(install) by extensions ['ignore', 'ignore_ament_install']
[0.324s] Level 1:colcon.colcon_core.package_identification:_identify(install) by extension 'ignore'
[0.324s] Level 1:colcon.colcon_core.package_identification:_identify(install) ignored
[0.324s] Level 1:colcon.colcon_core.package_identification:_identify(log) by extensions ['ignore', 'ignore_ament_install']
[0.325s] Level 1:colcon.colcon_core.package_identification:_identify(log) by extension 'ignore'
[0.325s] Level 1:colcon.colcon_core.package_identification:_identify(log) ignored
[0.325s] Level 1:colcon.colcon_core.package_identification:_identify(src) by extensions ['ignore', 'ignore_ament_install']
[0.325s] Level 1:colcon.colcon_core.package_identification:_identify(src) by extension 'ignore'
[0.325s] Level 1:colcon.colcon_core.package_identification:_identify(src) by extension 'ignore_ament_install'
[0.325s] Level 1:colcon.colcon_core.package_identification:_identify(src) by extensions ['colcon_pkg']
[0.325s] Level 1:colcon.colcon_core.package_identification:_identify(src) by extension 'colcon_pkg'
[0.325s] Level 1:colcon.colcon_core.package_identification:_identify(src) by extensions ['colcon_meta']
[0.325s] Level 1:colcon.colcon_core.package_identification:_identify(src) by extension 'colcon_meta'
[0.325s] Level 1:colcon.colcon_core.package_identification:_identify(src) by extensions ['ros']
[0.325s] Level 1:colcon.colcon_core.package_identification:_identify(src) by extension 'ros'
[0.325s] Level 1:colcon.colcon_core.package_identification:_identify(src) by extensions ['cmake', 'python']
[0.325s] Level 1:colcon.colcon_core.package_identification:_identify(src) by extension 'cmake'
[0.325s] Level 1:colcon.colcon_core.package_identification:_identify(src) by extension 'python'
[0.325s] Level 1:colcon.colcon_core.package_identification:_identify(src) by extensions ['python_setup_py']
[0.325s] Level 1:colcon.colcon_core.package_identification:_identify(src) by extension 'python_setup_py'
[0.325s] Level 1:colcon.colcon_core.package_identification:_identify(tp_bringup) by extensions ['ignore', 'ignore_ament_install']
[0.325s] Level 1:colcon.colcon_core.package_identification:_identify(tp_bringup) by extension 'ignore'
[0.326s] Level 1:colcon.colcon_core.package_identification:_identify(tp_bringup) by extension 'ignore_ament_install'
[0.326s] Level 1:colcon.colcon_core.package_identification:_identify(tp_bringup) by extensions ['colcon_pkg']
[0.326s] Level 1:colcon.colcon_core.package_identification:_identify(tp_bringup) by extension 'colcon_pkg'
[0.326s] Level 1:colcon.colcon_core.package_identification:_identify(tp_bringup) by extensions ['colcon_meta']
[0.326s] Level 1:colcon.colcon_core.package_identification:_identify(tp_bringup) by extension 'colcon_meta'
[0.326s] Level 1:colcon.colcon_core.package_identification:_identify(tp_bringup) by extensions ['ros']
[0.326s] Level 1:colcon.colcon_core.package_identification:_identify(tp_bringup) by extension 'ros'
[0.363s] DEBUG:colcon.colcon_core.package_identification:Package 'tp_bringup' with type 'ros.ament_python' and name 'tp_bringup'
[0.363s] Level 1:colcon.colcon_core.package_identification:_identify(tp_cmd_sub) by extensions ['ignore', 'ignore_ament_install']
[0.363s] Level 1:colcon.colcon_core.package_identification:_identify(tp_cmd_sub) by extension 'ignore'
[0.363s] Level 1:colcon.colcon_core.package_identification:_identify(tp_cmd_sub) by extension 'ignore_ament_install'
[0.364s] Level 1:colcon.colcon_core.package_identification:_identify(tp_cmd_sub) by extensions ['colcon_pkg']
[0.364s] Level 1:colcon.colcon_core.package_identification:_identify(tp_cmd_sub) by extension 'colcon_pkg'
[0.364s] Level 1:colcon.colcon_core.package_identification:_identify(tp_cmd_sub) by extensions ['colcon_meta']
[0.364s] Level 1:colcon.colcon_core.package_identification:_identify(tp_cmd_sub) by extension 'colcon_meta'
[0.364s] Level 1:colcon.colcon_core.package_identification:_identify(tp_cmd_sub) by extensions ['ros']
[0.364s] Level 1:colcon.colcon_core.package_identification:_identify(tp_cmd_sub) by extension 'ros'
[0.365s] DEBUG:colcon.colcon_core.package_identification:Package 'tp_cmd_sub' with type 'ros.ament_cmake' and name 'tp_cmd_sub'
[0.365s] Level 1:colcon.colcon_core.package_identification:_identify(tp_safety) by extensions ['ignore', 'ignore_ament_install']
[0.365s] Level 1:colcon.colcon_core.package_identification:_identify(tp_safety) by extension 'ignore'
[0.365s] Level 1:colcon.colcon_core.package_identification:_identify(tp_safety) by extension 'ignore_ament_install'
[0.365s] Level 1:colcon.colcon_core.package_identification:_identify(tp_safety) by extensions ['colcon_pkg']
[0.365s] Level 1:colcon.colcon_core.package_identification:_identify(tp_safety) by extension 'colcon_pkg'
[0.366s] Level 1:colcon.colcon_core.package_identification:_identify(tp_safety) by extensions ['colcon_meta']
[0.366s] Level 1:colcon.colcon_core.package_identification:_identify(tp_safety) by extension 'colcon_meta'
[0.366s] Level 1:colcon.colcon_core.package_identification:_identify(tp_safety) by extensions ['ros']
[0.366s] Level 1:colcon.colcon_core.package_identification:_identify(tp_safety) by extension 'ros'
[0.367s] DEBUG:colcon.colcon_core.package_identification:Package 'tp_safety' with type 'ros.ament_python' and name 'tp_safety'
[0.367s] Level 1:colcon.colcon_core.package_discovery:discover_packages(recursive) using defaults
[0.367s] Level 1:colcon.colcon_core.package_discovery:discover_packages(ignore) discover
[0.367s] Level 1:colcon.colcon_core.package_discovery:discover_packages(ignore) using defaults
[0.367s] Level 1:colcon.colcon_core.package_discovery:discover_packages(path) discover
[0.367s] Level 1:colcon.colcon_core.package_discovery:discover_packages(path) using defaults
[0.407s] Level 1:colcon.colcon_core.package_discovery:discover_packages(prefix_path) check parameters
[0.407s] Level 1:colcon.colcon_core.package_discovery:discover_packages(prefix_path) discover
[0.410s] DEBUG:colcon.colcon_installed_package_information.package_discovery:Found 0 installed packages in /home/yiyo/Telepresence/Telepresence-Stack/ros2/tp_ws/install
[0.410s] DEBUG:colcon.colcon_installed_package_information.package_discovery:Found 18 installed packages in /home/yiyo/ros2_ws/install
[0.411s] DEBUG:colcon.colcon_installed_package_information.package_discovery:Found 13 installed packages in /home/yiyo/magician_ws/install
[0.413s] DEBUG:colcon.colcon_installed_package_information.package_discovery:Found 332 installed packages in /opt/ros/humble
[0.415s] Level 1:colcon.colcon_core.package_discovery:discover_packages(prefix_path) using defaults
[0.466s] Level 5:colcon.colcon_core.verb:set package 'tp_bringup' build argument 'cmake_args' from command line to 'None'
[0.466s] Level 5:colcon.colcon_core.verb:set package 'tp_bringup' build argument 'cmake_target' from command line to 'None'
[0.466s] Level 5:colcon.colcon_core.verb:set package 'tp_bringup' build argument 'cmake_target_skip_unavailable' from command line to 'False'
[0.466s] Level 5:colcon.colcon_core.verb:set package 'tp_bringup' build argument 'cmake_clean_cache' from command line to 'False'
[0.466s] Level 5:colcon.colcon_core.verb:set package 'tp_bringup' build argument 'cmake_clean_first' from command line to 'False'
[0.466s] Level 5:colcon.colcon_core.verb:set package 'tp_bringup' build argument 'cmake_force_configure' from command line to 'False'
[0.466s] Level 5:colcon.colcon_core.verb:set package 'tp_bringup' build argument 'ament_cmake_args' from command line to 'None'
[0.466s] Level 5:colcon.colcon_core.verb:set package 'tp_bringup' build argument 'catkin_cmake_args' from command line to 'None'
[0.466s] Level 5:colcon.colcon_core.verb:set package 'tp_bringup' build argument 'catkin_skip_building_tests' from command line to 'False'
[0.466s] DEBUG:colcon.colcon_core.verb:Building package 'tp_bringup' with the following arguments: {'ament_cmake_args': None, 'build_base': '/home/yiyo/Telepresence/Telepresence-Stack/ros2/tp_ws/build/tp_bringup', 'catkin_cmake_args': None, 'catkin_skip_building_tests': False, 'cmake_args': None, 'cmake_clean_cache': False, 'cmake_clean_first': False, 'cmake_force_configure': False, 'cmake_target': None, 'cmake_target_skip_unavailable': False, 'install_base': '/home/yiyo/Telepresence/Telepresence-Stack/ros2/tp_ws/install/tp_bringup', 'merge_install': False, 'path': '/home/yiyo/Telepresence/Telepresence-Stack/ros2/tp_ws/tp_bringup', 'symlink_install': True, 'test_result_base': None}
[0.467s] Level 5:colcon.colcon_core.verb:set package 'tp_cmd_sub' build argument 'cmake_args' from command line to 'None'
[0.467s] Level 5:colcon.colcon_core.verb:set package 'tp_cmd_sub' build argument 'cmake_target' from command line to 'None'
[0.467s] Level 5:colcon.colcon_core.verb:set package 'tp_cmd_sub' build argument 'cmake_target_skip_unavailable' from command line to 'False'
[0.467s] Level 5:colcon.colcon_core.verb:set package 'tp_cmd_sub' build argument 'cmake_clean_cache' from command line to 'False'
[0.467s] Level 5:colcon.colcon_core.verb:set package 'tp_cmd_sub' build argument 'cmake_clean_first' from command line to 'False'
[0.467s] Level 5:colcon.colcon_core.verb:set package 'tp_cmd_sub' build argument 'cmake_force_configure' from command line to 'False'
[0.467s] Level 5:colcon.colcon_core.verb:set package 'tp_cmd_sub' build argument 'ament_cmake_args' from command line to 'None'
[0.467s] Level 5:colcon.colcon_core.verb:set package 'tp_cmd_sub' build argument 'catkin_cmake_args' from command line to 'None'
[0.467s] Level 5:colcon.colcon_core.verb:set package 'tp_cmd_sub' build argument 'catkin_skip_building_tests' from command line to 'False'
[0.467s] DEBUG:colcon.colcon_core.verb:Building package 'tp_cmd_sub' with the following arguments: {'ament_cmake_args': None, 'build_base': '/home/yiyo/Telepresence/Telepresence-Stack/ros2/tp_ws/build/tp_cmd_sub', 'catkin_cmake_args': None, 'catkin_skip_building_tests': False, 'cmake_args': None, 'cmake_clean_cache': False, 'cmake_clean_first': False, 'cmake_force_configure': False, 'cmake_target': None, 'cmake_target_skip_unavailable': False, 'install_base': '/home/yiyo/Telepresence/Telepresence-Stack/ros2/tp_ws/install/tp_cmd_sub', 'merge_install': False, 'path': '/home/yiyo/Telepresence/Telepresence-Stack/ros2/tp_ws/tp_cmd_sub', 'symlink_install': True, 'test_result_base': None}
[0.467s] Level 5:colcon.colcon_core.verb:set package 'tp_safety' build argument 'cmake_args' from command line to 'None'
[0.467s] Level 5:colcon.colcon_core.verb:set package 'tp_safety' build argument 'cmake_target' from command line to 'None'
[0.467s] Level 5:colcon.colcon_core.verb:set package 'tp_safety' build argument 'cmake_target_skip_unavailable' from command line to 'False'
[0.467s] Level 5:colcon.colcon_core.verb:set package 'tp_safety' build argument 'cmake_clean_cache' from command line to 'False'
[0.467s] Level 5:colcon.colcon_core.verb:set package 'tp_safety' build argument 'cmake_clean_first' from command line to 'False'
[0.467s] Level 5:colcon.colcon_core.verb:set package 'tp_safety' build argument 'cmake_force_configure' from command line to 'False'
[0.467s] Level 5:colcon.colcon_core.verb:set package 'tp_safety' build argument 'ament_cmake_args' from command line to 'None'
[0.467s] Level 5:colcon.colcon_core.verb:set package 'tp_safety' build argument 'catkin_cmake_args' from command line to 'None'
[0.467s] Level 5:colcon.colcon_core.verb:set package 'tp_safety' build argument 'catkin_skip_building_tests' from command line to 'False'
[0.467s] DEBUG:colcon.colcon_core.verb:Building package 'tp_safety' with the following arguments: {'ament_cmake_args': None, 'build_base': '/home/yiyo/Telepresence/Telepresence-Stack/ros2/tp_ws/build/tp_safety', 'catkin_cmake_args': None, 'catkin_skip_building_tests': False, 'cmake_args': None, 'cmake_clean_cache': False, 'cmake_clean_first': False, 'cmake_force_configure': False, 'cmake_target': None, 'cmake_target_skip_unavailable': False, 'install_base': '/home/yiyo/Telepresence/Telepresence-Stack/ros2/tp_ws/install/tp_safety', 'merge_install': False, 'path': '/home/yiyo/Telepresence/Telepresence-Stack/ros2/tp_ws/tp_safety', 'symlink_install': True, 'test_result_base': None}
[0.468s] INFO:colcon.colcon_core.executor:Executing jobs using 'parallel' executor
[0.469s] DEBUG:colcon.colcon_parallel_executor.executor.parallel:run_until_complete
[0.469s] INFO:colcon.colcon_ros.task.ament_python.build:Building ROS package in '/home/yiyo/Telepresence/Telepresence-Stack/ros2/tp_ws/tp_bringup' with build type 'ament_python'
[0.469s] Level 1:colcon.colcon_core.shell:create_environment_hook('tp_bringup', 'ament_prefix_path')
[0.473s] INFO:colcon.colcon_core.plugin_system:Skipping extension 'colcon_core.shell.bat': Not used on non-Windows systems
[0.473s] INFO:colcon.colcon_core.shell:Creating environment hook '/home/yiyo/Telepresence/Telepresence-Stack/ros2/tp_ws/install/tp_bringup/share/tp_bringup/hook/ament_prefix_path.ps1'
[0.476s] INFO:colcon.colcon_core.shell:Creating environment descriptor '/home/yiyo/Telepresence/Telepresence-Stack/ros2/tp_ws/install/tp_bringup/share/tp_bringup/hook/ament_prefix_path.dsv'
[0.477s] INFO:colcon.colcon_core.shell:Creating environment hook '/home/yiyo/Telepresence/Telepresence-Stack/ros2/tp_ws/install/tp_bringup/share/tp_bringup/hook/ament_prefix_path.sh'
[0.478s] INFO:colcon.colcon_core.shell:Skip shell extension 'powershell' for command environment: Not usable outside of PowerShell
[0.478s] DEBUG:colcon.colcon_core.shell:Skip shell extension 'dsv' for command environment
[0.487s] INFO:colcon.colcon_ros.task.ament_cmake.build:Building ROS package in '/home/yiyo/Telepresence/Telepresence-Stack/ros2/tp_ws/tp_cmd_sub' with build type 'ament_cmake'
[0.487s] INFO:colcon.colcon_cmake.task.cmake.build:Building CMake package in '/home/yiyo/Telepresence/Telepresence-Stack/ros2/tp_ws/tp_cmd_sub'
[0.487s] INFO:colcon.colcon_core.shell:Skip shell extension 'powershell' for command environment: Not usable outside of PowerShell
[0.487s] DEBUG:colcon.colcon_core.shell:Skip shell extension 'dsv' for command environment
[0.495s] INFO:colcon.colcon_ros.task.ament_python.build:Building ROS package in '/home/yiyo/Telepresence/Telepresence-Stack/ros2/tp_ws/tp_safety' with build type 'ament_python'
[0.496s] Level 1:colcon.colcon_core.shell:create_environment_hook('tp_safety', 'ament_prefix_path')
[0.496s] INFO:colcon.colcon_core.shell:Creating environment hook '/home/yiyo/Telepresence/Telepresence-Stack/ros2/tp_ws/install/tp_safety/share/tp_safety/hook/ament_prefix_path.ps1'
[0.498s] INFO:colcon.colcon_core.shell:Creating environment descriptor '/home/yiyo/Telepresence/Telepresence-Stack/ros2/tp_ws/install/tp_safety/share/tp_safety/hook/ament_prefix_path.dsv'
[0.499s] INFO:colcon.colcon_core.shell:Creating environment hook '/home/yiyo/Telepresence/Telepresence-Stack/ros2/tp_ws/install/tp_safety/share/tp_safety/hook/ament_prefix_path.sh'
[0.500s] INFO:colcon.colcon_core.shell:Skip shell extension 'powershell' for command environment: Not usable outside of PowerShell
[0.500s] DEBUG:colcon.colcon_core.shell:Skip shell extension 'dsv' for command environment
[0.816s] INFO:colcon.colcon_core.task.python.build:Building Python package in '/home/yiyo/Telepresence/Telepresence-Stack/ros2/tp_ws/tp_bringup'
[0.817s] INFO:colcon.colcon_core.shell:Skip shell extension 'powershell' for command environment: Not usable outside of PowerShell
[0.817s] DEBUG:colcon.colcon_core.shell:Skip shell extension 'dsv' for command environment
[0.828s] DEBUG:colcon.colcon_core.event_handler.log_command:Invoking command in '/home/yiyo/Telepresence/Telepresence-Stack/ros2/tp_ws/build/tp_cmd_sub': CMAKE_PREFIX_PATH=${CMAKE_PREFIX_PATH}:/home/yiyo/ros2_ws/install/servo_commander:/home/yiyo/magician_ws/install/dobot_visualization_tools:/home/yiyo/magician_ws/install/dobot_state_updater:/home/yiyo/magician_ws/install/dobot_motion:/home/yiyo/magician_ws/install/dobot_kinematics:/home/yiyo/magician_ws/install/dobot_homing:/home/yiyo/magician_ws/install/dobot_end_effector:/home/yiyo/magician_ws/install/dobot_diagnostics:/home/yiyo/magician_ws/install/dobot_demos:/home/yiyo/magician_ws/install/dobot_control_panel:/home/yiyo/magician_ws/install/dobot_bringup:/opt/ros/humble /usr/bin/cmake /home/yiyo/Telepresence/Telepresence-Stack/ros2/tp_ws/tp_cmd_sub -DAMENT_CMAKE_SYMLINK_INSTALL=1 -DCMAKE_INSTALL_PREFIX=/home/yiyo/Telepresence/Telepresence-Stack/ros2/tp_ws/install/tp_cmd_sub
[1.145s] INFO:colcon.colcon_core.task.python.build:Building Python package in '/home/yiyo/Telepresence/Telepresence-Stack/ros2/tp_ws/tp_safety'
[1.146s] INFO:colcon.colcon_core.shell:Skip shell extension 'powershell' for command environment: Not usable outside of PowerShell
[1.146s] DEBUG:colcon.colcon_core.shell:Skip shell extension 'dsv' for command environment
[1.738s] DEBUG:colcon.colcon_core.event_handler.log_command:Invoking command in '/home/yiyo/Telepresence/Telepresence-Stack/ros2/tp_ws/build/tp_bringup': PYTHONPATH=/home/yiyo/Telepresence/Telepresence-Stack/ros2/tp_ws/build/tp_bringup/prefix_override:/usr/lib/python3/dist-packages/colcon_core/task/python/colcon_distutils_commands:/home/yiyo/Telepresence/Telepresence-Stack/ros2/tp_ws/install/tp_bringup/lib/python3.10/site-packages:${PYTHONPATH} /usr/bin/python3 -W ignore:setup.py install is deprecated -W ignore:easy_install command is deprecated setup.py develop --editable --build-directory /home/yiyo/Telepresence/Telepresence-Stack/ros2/tp_ws/build/tp_bringup/build --no-deps symlink_data
[1.743s] DEBUG:colcon.colcon_core.event_handler.log_command:Invoking command in '/home/yiyo/Telepresence/Telepresence-Stack/ros2/tp_ws/build/tp_safety': PYTHONPATH=/home/yiyo/Telepresence/Telepresence-Stack/ros2/tp_ws/build/tp_safety/prefix_override:/usr/lib/python3/dist-packages/colcon_core/task/python/colcon_distutils_commands:/home/yiyo/Telepresence/Telepresence-Stack/ros2/tp_ws/install/tp_safety/lib/python3.10/site-packages:${PYTHONPATH} /usr/bin/python3 -W ignore:setup.py install is deprecated -W ignore:easy_install command is deprecated setup.py develop --editable --build-directory /home/yiyo/Telepresence/Telepresence-Stack/ros2/tp_ws/build/tp_safety/build --no-deps symlink_data
[2.342s] Level 1:colcon.colcon_core.shell:create_environment_hook('tp_bringup', 'pythonpath_develop')
[2.343s] INFO:colcon.colcon_core.shell:Creating environment hook '/home/yiyo/Telepresence/Telepresence-Stack/ros2/tp_ws/build/tp_bringup/share/tp_bringup/hook/pythonpath_develop.ps1'
[2.343s] DEBUG:colcon.colcon_core.event_handler.log_command:Invoked command in '/home/yiyo/Telepresence/Telepresence-Stack/ros2/tp_ws/build/tp_bringup' returned '0': PYTHONPATH=/home/yiyo/Telepresence/Telepresence-Stack/ros2/tp_ws/build/tp_bringup/prefix_override:/usr/lib/python3/dist-packages/colcon_core/task/python/colcon_distutils_commands:/home/yiyo/Telepresence/Telepresence-Stack/ros2/tp_ws/install/tp_bringup/lib/python3.10/site-packages:${PYTHONPATH} /usr/bin/python3 -W ignore:setup.py install is deprecated -W ignore:easy_install command is deprecated setup.py develop --editable --build-directory /home/yiyo/Telepresence/Telepresence-Stack/ros2/tp_ws/build/tp_bringup/build --no-deps symlink_data
[2.344s] INFO:colcon.colcon_core.shell:Creating environment descriptor '/home/yiyo/Telepresence/Telepresence-Stack/ros2/tp_ws/build/tp_bringup/share/tp_bringup/hook/pythonpath_develop.dsv'
[2.344s] INFO:colcon.colcon_core.shell:Creating environment hook '/home/yiyo/Telepresence/Telepresence-Stack/ros2/tp_ws/build/tp_bringup/share/tp_bringup/hook/pythonpath_develop.sh'
[2.351s] Level 1:colcon.colcon_core.environment:checking '/home/yiyo/Telepresence/Telepresence-Stack/ros2/tp_ws/install/tp_bringup' for CMake module files
[2.351s] Level 1:colcon.colcon_core.environment:checking '/home/yiyo/Telepresence/Telepresence-Stack/ros2/tp_ws/install/tp_bringup' for CMake config files
[2.352s] Level 1:colcon.colcon_core.environment:checking '/home/yiyo/Telepresence/Telepresence-Stack/ros2/tp_ws/install/tp_bringup/lib'
[2.352s] Level 1:colcon.colcon_core.environment:checking '/home/yiyo/Telepresence/Telepresence-Stack/ros2/tp_ws/install/tp_bringup/bin'
[2.352s] Level 1:colcon.colcon_core.environment:checking '/home/yiyo/Telepresence/Telepresence-Stack/ros2/tp_ws/install/tp_bringup/lib/pkgconfig/tp_bringup.pc'
[2.352s] Level 1:colcon.colcon_core.environment:checking '/home/yiyo/Telepresence/Telepresence-Stack/ros2/tp_ws/install/tp_bringup/lib/python3.10/site-packages'
[2.353s] Level 1:colcon.colcon_core.shell:create_environment_hook('tp_bringup', 'pythonpath')
[2.353s] INFO:colcon.colcon_core.shell:Creating environment hook '/home/yiyo/Telepresence/Telepresence-Stack/ros2/tp_ws/install/tp_bringup/share/tp_bringup/hook/pythonpath.ps1'
[2.353s] INFO:colcon.colcon_core.shell:Creating environment descriptor '/home/yiyo/Telepresence/Telepresence-Stack/ros2/tp_ws/install/tp_bringup/share/tp_bringup/hook/pythonpath.dsv'
[2.354s] INFO:colcon.colcon_core.shell:Creating environment hook '/home/yiyo/Telepresence/Telepresence-Stack/ros2/tp_ws/install/tp_bringup/share/tp_bringup/hook/pythonpath.sh'
[2.354s] Level 1:colcon.colcon_core.environment:checking '/home/yiyo/Telepresence/Telepresence-Stack/ros2/tp_ws/install/tp_bringup/bin'
[2.354s] Level 1:colcon.colcon_core.environment:create_environment_scripts_only(tp_bringup)
[2.355s] INFO:colcon.colcon_core.shell:Creating package script '/home/yiyo/Telepresence/Telepresence-Stack/ros2/tp_ws/install/tp_bringup/share/tp_bringup/package.ps1'
[2.356s] INFO:colcon.colcon_core.shell:Creating package descriptor '/home/yiyo/Telepresence/Telepresence-Stack/ros2/tp_ws/install/tp_bringup/share/tp_bringup/package.dsv'
[2.357s] INFO:colcon.colcon_core.shell:Creating package script '/home/yiyo/Telepresence/Telepresence-Stack/ros2/tp_ws/install/tp_bringup/share/tp_bringup/package.sh'
[2.358s] INFO:colcon.colcon_core.shell:Creating package script '/home/yiyo/Telepresence/Telepresence-Stack/ros2/tp_ws/install/tp_bringup/share/tp_bringup/package.bash'
[2.359s] INFO:colcon.colcon_core.shell:Creating package script '/home/yiyo/Telepresence/Telepresence-Stack/ros2/tp_ws/install/tp_bringup/share/tp_bringup/package.zsh'
[2.361s] Level 1:colcon.colcon_core.environment:create_file_with_runtime_dependencies(/home/yiyo/Telepresence/Telepresence-Stack/ros2/tp_ws/install/tp_bringup/share/colcon-core/packages/tp_bringup)
[2.363s] Level 1:colcon.colcon_core.shell:create_environment_hook('tp_safety', 'pythonpath_develop')
[2.363s] INFO:colcon.colcon_core.shell:Creating environment hook '/home/yiyo/Telepresence/Telepresence-Stack/ros2/tp_ws/build/tp_safety/share/tp_safety/hook/pythonpath_develop.ps1'
[2.364s] DEBUG:colcon.colcon_core.event_handler.log_command:Invoked command in '/home/yiyo/Telepresence/Telepresence-Stack/ros2/tp_ws/build/tp_safety' returned '0': PYTHONPATH=/home/yiyo/Telepresence/Telepresence-Stack/ros2/tp_ws/build/tp_safety/prefix_override:/usr/lib/python3/dist-packages/colcon_core/task/python/colcon_distutils_commands:/home/yiyo/Telepresence/Telepresence-Stack/ros2/tp_ws/install/tp_safety/lib/python3.10/site-packages:${PYTHONPATH} /usr/bin/python3 -W ignore:setup.py install is deprecated -W ignore:easy_install command is deprecated setup.py develop --editable --build-directory /home/yiyo/Telepresence/Telepresence-Stack/ros2/tp_ws/build/tp_safety/build --no-deps symlink_data
[2.365s] INFO:colcon.colcon_core.shell:Creating environment descriptor '/home/yiyo/Telepresence/Telepresence-Stack/ros2/tp_ws/build/tp_safety/share/tp_safety/hook/pythonpath_develop.dsv'
[2.366s] INFO:colcon.colcon_core.shell:Creating environment hook '/home/yiyo/Telepresence/Telepresence-Stack/ros2/tp_ws/build/tp_safety/share/tp_safety/hook/pythonpath_develop.sh'
[2.367s] Level 1:colcon.colcon_core.environment:checking '/home/yiyo/Telepresence/Telepresence-Stack/ros2/tp_ws/install/tp_safety' for CMake module files
[2.368s] Level 1:colcon.colcon_core.environment:checking '/home/yiyo/Telepresence/Telepresence-Stack/ros2/tp_ws/install/tp_safety' for CMake config files
[2.369s] Level 1:colcon.colcon_core.environment:checking '/home/yiyo/Telepresence/Telepresence-Stack/ros2/tp_ws/install/tp_safety/lib'
[2.369s] Level 1:colcon.colcon_core.environment:checking '/home/yiyo/Telepresence/Telepresence-Stack/ros2/tp_ws/install/tp_safety/bin'
[2.369s] Level 1:colcon.colcon_core.environment:checking '/home/yiyo/Telepresence/Telepresence-Stack/ros2/tp_ws/install/tp_safety/lib/pkgconfig/tp_safety.pc'
[2.370s] Level 1:colcon.colcon_core.environment:checking '/home/yiyo/Telepresence/Telepresence-Stack/ros2/tp_ws/install/tp_safety/lib/python3.10/site-packages'
[2.370s] Level 1:colcon.colcon_core.shell:create_environment_hook('tp_safety', 'pythonpath')
[2.371s] INFO:colcon.colcon_core.shell:Creating environment hook '/home/yiyo/Telepresence/Telepresence-Stack/ros2/tp_ws/install/tp_safety/share/tp_safety/hook/pythonpath.ps1'
[2.371s] INFO:colcon.colcon_core.shell:Creating environment descriptor '/home/yiyo/Telepresence/Telepresence-Stack/ros2/tp_ws/install/tp_safety/share/tp_safety/hook/pythonpath.dsv'
[2.372s] INFO:colcon.colcon_core.shell:Creating environment hook '/home/yiyo/Telepresence/Telepresence-Stack/ros2/tp_ws/install/tp_safety/share/tp_safety/hook/pythonpath.sh'
[2.373s] Level 1:colcon.colcon_core.environment:checking '/home/yiyo/Telepresence/Telepresence-Stack/ros2/tp_ws/install/tp_safety/bin'
[2.374s] Level 1:colcon.colcon_core.environment:create_environment_scripts_only(tp_safety)
[2.375s] INFO:colcon.colcon_core.shell:Creating package script '/home/yiyo/Telepresence/Telepresence-Stack/ros2/tp_ws/install/tp_safety/share/tp_safety/package.ps1'
[2.376s] INFO:colcon.colcon_core.shell:Creating package descriptor '/home/yiyo/Telepresence/Telepresence-Stack/ros2/tp_ws/install/tp_safety/share/tp_safety/package.dsv'
[2.377s] INFO:colcon.colcon_core.shell:Creating package script '/home/yiyo/Telepresence/Telepresence-Stack/ros2/tp_ws/install/tp_safety/share/tp_safety/package.sh'
[2.378s] INFO:colcon.colcon_core.shell:Creating package script '/home/yiyo/Telepresence/Telepresence-Stack/ros2/tp_ws/install/tp_safety/share/tp_safety/package.bash'
[2.379s] INFO:colcon.colcon_core.shell:Creating package script '/home/yiyo/Telepresence/Telepresence-Stack/ros2/tp_ws/install/tp_safety/share/tp_safety/package.zsh'
[2.380s] Level 1:colcon.colcon_core.environment:create_file_with_runtime_dependencies(/home/yiyo/Telepresence/Telepresence-Stack/ros2/tp_ws/install/tp_safety/share/colcon-core/packages/tp_safety)
[2.922s] DEBUG:colcon.colcon_core.event_handler.log_command:Invoked command in '/home/yiyo/Telepresence/Telepresence-Stack/ros2/tp_ws/build/tp_cmd_sub' returned '0': CMAKE_PREFIX_PATH=${CMAKE_PREFIX_PATH}:/home/yiyo/ros2_ws/install/servo_commander:/home/yiyo/magician_ws/install/dobot_visualization_tools:/home/yiyo/magician_ws/install/dobot_state_updater:/home/yiyo/magician_ws/install/dobot_motion:/home/yiyo/magician_ws/install/dobot_kinematics:/home/yiyo/magician_ws/install/dobot_homing:/home/yiyo/magician_ws/install/dobot_end_effector:/home/yiyo/magician_ws/install/dobot_diagnostics:/home/yiyo/magician_ws/install/dobot_demos:/home/yiyo/magician_ws/install/dobot_control_panel:/home/yiyo/magician_ws/install/dobot_bringup:/opt/ros/humble /usr/bin/cmake /home/yiyo/Telepresence/Telepresence-Stack/ros2/tp_ws/tp_cmd_sub -DAMENT_CMAKE_SYMLINK_INSTALL=1 -DCMAKE_INSTALL_PREFIX=/home/yiyo/Telepresence/Telepresence-Stack/ros2/tp_ws/install/tp_cmd_sub
[2.925s] DEBUG:colcon.colcon_core.event_handler.log_command:Invoking command in '/home/yiyo/Telepresence/Telepresence-Stack/ros2/tp_ws/build/tp_cmd_sub': CMAKE_PREFIX_PATH=${CMAKE_PREFIX_PATH}:/home/yiyo/ros2_ws/install/servo_commander:/home/yiyo/magician_ws/install/dobot_visualization_tools:/home/yiyo/magician_ws/install/dobot_state_updater:/home/yiyo/magician_ws/install/dobot_motion:/home/yiyo/magician_ws/install/dobot_kinematics:/home/yiyo/magician_ws/install/dobot_homing:/home/yiyo/magician_ws/install/dobot_end_effector:/home/yiyo/magician_ws/install/dobot_diagnostics:/home/yiyo/magician_ws/install/dobot_demos:/home/yiyo/magician_ws/install/dobot_control_panel:/home/yiyo/magician_ws/install/dobot_bringup:/opt/ros/humble /usr/bin/cmake --build /home/yiyo/Telepresence/Telepresence-Stack/ros2/tp_ws/build/tp_cmd_sub -- -j4 -l4
[12.417s] DEBUG:colcon.colcon_core.event_handler.log_command:Invoked command in '/home/yiyo/Telepresence/Telepresence-Stack/ros2/tp_ws/build/tp_cmd_sub' returned '0': CMAKE_PREFIX_PATH=${CMAKE_PREFIX_PATH}:/home/yiyo/ros2_ws/install/servo_commander:/home/yiyo/magician_ws/install/dobot_visualization_tools:/home/yiyo/magician_ws/install/dobot_state_updater:/home/yiyo/magician_ws/install/dobot_motion:/home/yiyo/magician_ws/install/dobot_kinematics:/home/yiyo/magician_ws/install/dobot_homing:/home/yiyo/magician_ws/install/dobot_end_effector:/home/yiyo/magician_ws/install/dobot_diagnostics:/home/yiyo/magician_ws/install/dobot_demos:/home/yiyo/magician_ws/install/dobot_control_panel:/home/yiyo/magician_ws/install/dobot_bringup:/opt/ros/humble /usr/bin/cmake --build /home/yiyo/Telepresence/Telepresence-Stack/ros2/tp_ws/build/tp_cmd_sub -- -j4 -l4
[12.433s] DEBUG:colcon.colcon_core.event_handler.log_command:Invoking command in '/home/yiyo/Telepresence/Telepresence-Stack/ros2/tp_ws/build/tp_cmd_sub': CMAKE_PREFIX_PATH=${CMAKE_PREFIX_PATH}:/home/yiyo/ros2_ws/install/servo_commander:/home/yiyo/magician_ws/install/dobot_visualization_tools:/home/yiyo/magician_ws/install/dobot_state_updater:/home/yiyo/magician_ws/install/dobot_motion:/home/yiyo/magician_ws/install/dobot_kinematics:/home/yiyo/magician_ws/install/dobot_homing:/home/yiyo/magician_ws/install/dobot_end_effector:/home/yiyo/magician_ws/install/dobot_diagnostics:/home/yiyo/magician_ws/install/dobot_demos:/home/yiyo/magician_ws/install/dobot_control_panel:/home/yiyo/magician_ws/install/dobot_bringup:/opt/ros/humble /usr/bin/cmake --install /home/yiyo/Telepresence/Telepresence-Stack/ros2/tp_ws/build/tp_cmd_sub
[12.629s] Level 1:colcon.colcon_core.environment:create_environment_scripts_only(tp_cmd_sub)
[12.630s] Level 1:colcon.colcon_core.environment:checking '/home/yiyo/Telepresence/Telepresence-Stack/ros2/tp_ws/install/tp_cmd_sub' for CMake module files
[12.631s] DEBUG:colcon.colcon_core.event_handler.log_command:Invoked command in '/home/yiyo/Telepresence/Telepresence-Stack/ros2/tp_ws/build/tp_cmd_sub' returned '0': CMAKE_PREFIX_PATH=${CMAKE_PREFIX_PATH}:/home/yiyo/ros2_ws/install/servo_commander:/home/yiyo/magician_ws/install/dobot_visualization_tools:/home/yiyo/magician_ws/install/dobot_state_updater:/home/yiyo/magician_ws/install/dobot_motion:/home/yiyo/magician_ws/install/dobot_kinematics:/home/yiyo/magician_ws/install/dobot_homing:/home/yiyo/magician_ws/install/dobot_end_effector:/home/yiyo/magician_ws/install/dobot_diagnostics:/home/yiyo/magician_ws/install/dobot_demos:/home/yiyo/magician_ws/install/dobot_control_panel:/home/yiyo/magician_ws/install/dobot_bringup:/opt/ros/humble /usr/bin/cmake --install /home/yiyo/Telepresence/Telepresence-Stack/ros2/tp_ws/build/tp_cmd_sub
[12.632s] Level 1:colcon.colcon_core.environment:checking '/home/yiyo/Telepresence/Telepresence-Stack/ros2/tp_ws/install/tp_cmd_sub' for CMake config files
[12.633s] Level 1:colcon.colcon_core.shell:create_environment_hook('tp_cmd_sub', 'cmake_prefix_path')
[12.633s] INFO:colcon.colcon_core.shell:Creating environment hook '/home/yiyo/Telepresence/Telepresence-Stack/ros2/tp_ws/install/tp_cmd_sub/share/tp_cmd_sub/hook/cmake_prefix_path.ps1'
[12.635s] INFO:colcon.colcon_core.shell:Creating environment descriptor '/home/yiyo/Telepresence/Telepresence-Stack/ros2/tp_ws/install/tp_cmd_sub/share/tp_cmd_sub/hook/cmake_prefix_path.dsv'
[12.636s] INFO:colcon.colcon_core.shell:Creating environment hook '/home/yiyo/Telepresence/Telepresence-Stack/ros2/tp_ws/install/tp_cmd_sub/share/tp_cmd_sub/hook/cmake_prefix_path.sh'
[12.637s] Level 1:colcon.colcon_core.environment:checking '/home/yiyo/Telepresence/Telepresence-Stack/ros2/tp_ws/install/tp_cmd_sub/lib'
[12.637s] Level 1:colcon.colcon_core.environment:checking '/home/yiyo/Telepresence/Telepresence-Stack/ros2/tp_ws/install/tp_cmd_sub/bin'
[12.638s] Level 1:colcon.colcon_core.environment:checking '/home/yiyo/Telepresence/Telepresence-Stack/ros2/tp_ws/install/tp_cmd_sub/lib/pkgconfig/tp_cmd_sub.pc'
[12.638s] Level 1:colcon.colcon_core.environment:checking '/home/yiyo/Telepresence/Telepresence-Stack/ros2/tp_ws/install/tp_cmd_sub/lib/python3.10/site-packages'
[12.639s] Level 1:colcon.colcon_core.environment:checking '/home/yiyo/Telepresence/Telepresence-Stack/ros2/tp_ws/install/tp_cmd_sub/bin'
[12.640s] INFO:colcon.colcon_core.shell:Creating package script '/home/yiyo/Telepresence/Telepresence-Stack/ros2/tp_ws/install/tp_cmd_sub/share/tp_cmd_sub/package.ps1'
[12.641s] INFO:colcon.colcon_core.shell:Creating package descriptor '/home/yiyo/Telepresence/Telepresence-Stack/ros2/tp_ws/install/tp_cmd_sub/share/tp_cmd_sub/package.dsv'
[12.642s] INFO:colcon.colcon_core.shell:Creating package script '/home/yiyo/Telepresence/Telepresence-Stack/ros2/tp_ws/install/tp_cmd_sub/share/tp_cmd_sub/package.sh'
[12.643s] INFO:colcon.colcon_core.shell:Creating package script '/home/yiyo/Telepresence/Telepresence-Stack/ros2/tp_ws/install/tp_cmd_sub/share/tp_cmd_sub/package.bash'
[12.644s] INFO:colcon.colcon_core.shell:Creating package script '/home/yiyo/Telepresence/Telepresence-Stack/ros2/tp_ws/install/tp_cmd_sub/share/tp_cmd_sub/package.zsh'
[12.644s] Level 1:colcon.colcon_core.environment:create_file_with_runtime_dependencies(/home/yiyo/Telepresence/Telepresence-Stack/ros2/tp_ws/install/tp_cmd_sub/share/colcon-core/packages/tp_cmd_sub)
[12.646s] Level 1:colcon.colcon_core.environment:create_environment_scripts_only(tp_cmd_sub)
[12.647s] Level 1:colcon.colcon_core.environment:checking '/home/yiyo/Telepresence/Telepresence-Stack/ros2/tp_ws/install/tp_cmd_sub' for CMake module files
[12.648s] Level 1:colcon.colcon_core.environment:checking '/home/yiyo/Telepresence/Telepresence-Stack/ros2/tp_ws/install/tp_cmd_sub' for CMake config files
[12.649s] Level 1:colcon.colcon_core.shell:create_environment_hook('tp_cmd_sub', 'cmake_prefix_path')
[12.650s] INFO:colcon.colcon_core.shell:Creating environment hook '/home/yiyo/Telepresence/Telepresence-Stack/ros2/tp_ws/install/tp_cmd_sub/share/tp_cmd_sub/hook/cmake_prefix_path.ps1'
[12.651s] INFO:colcon.colcon_core.shell:Creating environment descriptor '/home/yiyo/Telepresence/Telepresence-Stack/ros2/tp_ws/install/tp_cmd_sub/share/tp_cmd_sub/hook/cmake_prefix_path.dsv'
[12.652s] INFO:colcon.colcon_core.shell:Creating environment hook '/home/yiyo/Telepresence/Telepresence-Stack/ros2/tp_ws/install/tp_cmd_sub/share/tp_cmd_sub/hook/cmake_prefix_path.sh'
[12.653s] Level 1:colcon.colcon_core.environment:checking '/home/yiyo/Telepresence/Telepresence-Stack/ros2/tp_ws/install/tp_cmd_sub/lib'
[12.654s] Level 1:colcon.colcon_core.environment:checking '/home/yiyo/Telepresence/Telepresence-Stack/ros2/tp_ws/install/tp_cmd_sub/bin'
[12.654s] Level 1:colcon.colcon_core.environment:checking '/home/yiyo/Telepresence/Telepresence-Stack/ros2/tp_ws/install/tp_cmd_sub/lib/pkgconfig/tp_cmd_sub.pc'
[12.654s] Level 1:colcon.colcon_core.environment:checking '/home/yiyo/Telepresence/Telepresence-Stack/ros2/tp_ws/install/tp_cmd_sub/lib/python3.10/site-packages'
[12.655s] Level 1:colcon.colcon_core.environment:checking '/home/yiyo/Telepresence/Telepresence-Stack/ros2/tp_ws/install/tp_cmd_sub/bin'
[12.656s] INFO:colcon.colcon_core.shell:Creating package script '/home/yiyo/Telepresence/Telepresence-Stack/ros2/tp_ws/install/tp_cmd_sub/share/tp_cmd_sub/package.ps1'
[12.657s] INFO:colcon.colcon_core.shell:Creating package descriptor '/home/yiyo/Telepresence/Telepresence-Stack/ros2/tp_ws/install/tp_cmd_sub/share/tp_cmd_sub/package.dsv'
[12.658s] INFO:colcon.colcon_core.shell:Creating package script '/home/yiyo/Telepresence/Telepresence-Stack/ros2/tp_ws/install/tp_cmd_sub/share/tp_cmd_sub/package.sh'
[12.660s] INFO:colcon.colcon_core.shell:Creating package script '/home/yiyo/Telepresence/Telepresence-Stack/ros2/tp_ws/install/tp_cmd_sub/share/tp_cmd_sub/package.bash'
[12.661s] INFO:colcon.colcon_core.shell:Creating package script '/home/yiyo/Telepresence/Telepresence-Stack/ros2/tp_ws/install/tp_cmd_sub/share/tp_cmd_sub/package.zsh'
[12.662s] Level 1:colcon.colcon_core.environment:create_file_with_runtime_dependencies(/home/yiyo/Telepresence/Telepresence-Stack/ros2/tp_ws/install/tp_cmd_sub/share/colcon-core/packages/tp_cmd_sub)
[12.662s] DEBUG:colcon.colcon_parallel_executor.executor.parallel:closing loop
[12.663s] DEBUG:colcon.colcon_parallel_executor.executor.parallel:loop closed
[12.663s] DEBUG:colcon.colcon_parallel_executor.executor.parallel:run_until_complete finished with '0'
[12.663s] DEBUG:colcon.colcon_core.event_reactor:joining thread
[12.677s] INFO:colcon.colcon_core.plugin_system:Skipping extension 'colcon_notification.desktop_notification.terminal_notifier': Not used on non-Darwin systems
[12.678s] INFO:colcon.colcon_core.plugin_system:Skipping extension 'colcon_notification.desktop_notification.win32': Not used on non-Windows systems
[12.678s] INFO:colcon.colcon_notification.desktop_notification:Sending desktop notification using 'notify2'
[12.705s] DEBUG:colcon.colcon_core.event_reactor:joined thread
[12.706s] INFO:colcon.colcon_core.shell:Creating prefix script '/home/yiyo/Telepresence/Telepresence-Stack/ros2/tp_ws/install/local_setup.ps1'
[12.708s] INFO:colcon.colcon_core.shell:Creating prefix util module '/home/yiyo/Telepresence/Telepresence-Stack/ros2/tp_ws/install/_local_setup_util_ps1.py'
[12.712s] INFO:colcon.colcon_core.shell:Creating prefix chain script '/home/yiyo/Telepresence/Telepresence-Stack/ros2/tp_ws/install/setup.ps1'
[12.718s] INFO:colcon.colcon_core.shell:Creating prefix script '/home/yiyo/Telepresence/Telepresence-Stack/ros2/tp_ws/install/local_setup.sh'
[12.720s] INFO:colcon.colcon_core.shell:Creating prefix util module '/home/yiyo/Telepresence/Telepresence-Stack/ros2/tp_ws/install/_local_setup_util_sh.py'
[12.721s] INFO:colcon.colcon_core.shell:Creating prefix chain script '/home/yiyo/Telepresence/Telepresence-Stack/ros2/tp_ws/install/setup.sh'
[12.727s] INFO:colcon.colcon_core.shell:Creating prefix script '/home/yiyo/Telepresence/Telepresence-Stack/ros2/tp_ws/install/local_setup.bash'
[12.729s] INFO:colcon.colcon_core.shell:Creating prefix chain script '/home/yiyo/Telepresence/Telepresence-Stack/ros2/tp_ws/install/setup.bash'
[12.735s] INFO:colcon.colcon_core.shell:Creating prefix script '/home/yiyo/Telepresence/Telepresence-Stack/ros2/tp_ws/install/local_setup.zsh'
[12.736s] INFO:colcon.colcon_core.shell:Creating prefix chain script '/home/yiyo/Telepresence/Telepresence-Stack/ros2/tp_ws/install/setup.zsh'
