[0.776s] Invoking command in '/home/yiyo/Telepresence/Telepresence-Stack/ros2/tp_ws/build/tp_bringup': PYTHONPATH=/home/yiyo/Telepresence/Telepresence-Stack/ros2/tp_ws/build/tp_bringup/prefix_override:/usr/lib/python3/dist-packages/colcon_core/task/python/colcon_distutils_commands:/home/yiyo/Telepresence/Telepresence-Stack/ros2/tp_ws/install/tp_bringup/lib/python3.10/site-packages:${PYTHONPATH} /usr/bin/python3 -W ignore:setup.py install is deprecated -W ignore:easy_install command is deprecated setup.py develop --uninstall --editable --build-directory /home/yiyo/Telepresence/Telepresence-Stack/ros2/tp_ws/build/tp_bringup/build
[1.079s] running develop
[1.265s] Removing /home/yiyo/Telepresence/Telepresence-Stack/ros2/tp_ws/install/tp_bringup/lib/python3.10/site-packages/tp-bringup.egg-link (link to .)
[1.303s] Invoked command in '/home/yiyo/Telepresence/Telepresence-Stack/ros2/tp_ws/build/tp_bringup' returned '0': PYTHONPATH=/home/yiyo/Telepresence/Telepresence-Stack/ros2/tp_ws/build/tp_bringup/prefix_override:/usr/lib/python3/dist-packages/colcon_core/task/python/colcon_distutils_commands:/home/yiyo/Telepresence/Telepresence-Stack/ros2/tp_ws/install/tp_bringup/lib/python3.10/site-packages:${PYTHONPATH} /usr/bin/python3 -W ignore:setup.py install is deprecated -W ignore:easy_install command is deprecated setup.py develop --uninstall --editable --build-directory /home/yiyo/Telepresence/Telepresence-Stack/ros2/tp_ws/build/tp_bringup/build
[1.305s] Invoking command in '/home/yiyo/Telepresence/Telepresence-Stack/ros2/tp_ws/tp_bringup': PYTHONPATH=/home/yiyo/Telepresence/Telepresence-Stack/ros2/tp_ws/build/tp_bringup/prefix_override:/usr/lib/python3/dist-packages/colcon_core/task/python/colcon_distutils_commands:/home/yiyo/Telepresence/Telepresence-Stack/ros2/tp_ws/install/tp_bringup/lib/python3.10/site-packages:${PYTHONPATH} /usr/bin/python3 -W ignore:setup.py install is deprecated -W ignore:easy_install command is deprecated setup.py egg_info --egg-base ../build/tp_bringup build --build-base /home/yiyo/Telepresence/Telepresence-Stack/ros2/tp_ws/build/tp_bringup/build install --record /home/yiyo/Telepresence/Telepresence-Stack/ros2/tp_ws/build/tp_bringup/install.log --single-version-externally-managed install_data --force
[1.596s] running egg_info
[1.597s] writing ../build/tp_bringup/tp_bringup.egg-info/PKG-INFO
[1.597s] writing dependency_links to ../build/tp_bringup/tp_bringup.egg-info/dependency_links.txt
[1.598s] writing entry points to ../build/tp_bringup/tp_bringup.egg-info/entry_points.txt
[1.598s] writing requirements to ../build/tp_bringup/tp_bringup.egg-info/requires.txt
[1.598s] writing top-level names to ../build/tp_bringup/tp_bringup.egg-info/top_level.txt
[1.600s] reading manifest file '../build/tp_bringup/tp_bringup.egg-info/SOURCES.txt'
[1.601s] writing manifest file '../build/tp_bringup/tp_bringup.egg-info/SOURCES.txt'
[1.601s] running build
[1.601s] running build_py
[1.601s] creating /home/yiyo/Telepresence/Telepresence-Stack/ros2/tp_ws/build/tp_bringup/build
[1.601s] creating /home/yiyo/Telepresence/Telepresence-Stack/ros2/tp_ws/build/tp_bringup/build/lib
[1.602s] creating /home/yiyo/Telepresence/Telepresence-Stack/ros2/tp_ws/build/tp_bringup/build/lib/tp_bringup
[1.602s] copying tp_bringup/__init__.py -> /home/yiyo/Telepresence/Telepresence-Stack/ros2/tp_ws/build/tp_bringup/build/lib/tp_bringup
[1.602s] running install
[1.603s] running install_lib
[1.603s] creating /home/yiyo/Telepresence/Telepresence-Stack/ros2/tp_ws/install/tp_bringup/lib/python3.10/site-packages/tp_bringup
[1.604s] copying /home/yiyo/Telepresence/Telepresence-Stack/ros2/tp_ws/build/tp_bringup/build/lib/tp_bringup/__init__.py -> /home/yiyo/Telepresence/Telepresence-Stack/ros2/tp_ws/install/tp_bringup/lib/python3.10/site-packages/tp_bringup
[1.604s] byte-compiling /home/yiyo/Telepresence/Telepresence-Stack/ros2/tp_ws/install/tp_bringup/lib/python3.10/site-packages/tp_bringup/__init__.py to __init__.cpython-310.pyc
[1.605s] running install_data
[1.605s] copying resource/tp_bringup -> /home/yiyo/Telepresence/Telepresence-Stack/ros2/tp_ws/install/tp_bringup/share/ament_index/resource_index/packages
[1.605s] copying package.xml -> /home/yiyo/Telepresence/Telepresence-Stack/ros2/tp_ws/install/tp_bringup/share/tp_bringup
[1.605s] error: can't copy 'launch/minimal.launch.py': doesn't exist or not a regular file
[1.631s] Invoked command in '/home/yiyo/Telepresence/Telepresence-Stack/ros2/tp_ws/tp_bringup' returned '1': PYTHONPATH=/home/yiyo/Telepresence/Telepresence-Stack/ros2/tp_ws/build/tp_bringup/prefix_override:/usr/lib/python3/dist-packages/colcon_core/task/python/colcon_distutils_commands:/home/yiyo/Telepresence/Telepresence-Stack/ros2/tp_ws/install/tp_bringup/lib/python3.10/site-packages:${PYTHONPATH} /usr/bin/python3 -W ignore:setup.py install is deprecated -W ignore:easy_install command is deprecated setup.py egg_info --egg-base ../build/tp_bringup build --build-base /home/yiyo/Telepresence/Telepresence-Stack/ros2/tp_ws/build/tp_bringup/build install --record /home/yiyo/Telepresence/Telepresence-Stack/ros2/tp_ws/build/tp_bringup/install.log --single-version-externally-managed install_data --force
