[0.024s] Invoking command in '/home/yiyo/Telepresence/Telepresence-Stack/ros2/tp_ws/build/tp_cmd_sub': CMAKE_PREFIX_PATH=${CMAKE_PREFIX_PATH}:/home/yiyo/Telepresence/Telepresence-Stack/ros2/tp_ws/install/tp_safety:/home/yiyo/Telepresence/Telepresence-Stack/ros2/tp_ws/install/tp_bringup:/home/yiyo/ros2_ws/install/servo_commander:/home/yiyo/magician_ws/install/dobot_visualization_tools:/home/yiyo/magician_ws/install/dobot_state_updater:/home/yiyo/magician_ws/install/dobot_motion:/home/yiyo/magician_ws/install/dobot_kinematics:/home/yiyo/magician_ws/install/dobot_homing:/home/yiyo/magician_ws/install/dobot_end_effector:/home/yiyo/magician_ws/install/dobot_diagnostics:/home/yiyo/magician_ws/install/dobot_demos:/home/yiyo/magician_ws/install/dobot_control_panel:/home/yiyo/magician_ws/install/dobot_bringup:/opt/ros/humble /usr/bin/cmake /home/yiyo/Telepresence/Telepresence-Stack/ros2/tp_ws/tp_cmd_sub -DCMAKE_INSTALL_PREFIX=/home/yiyo/Telepresence/Telepresence-Stack/ros2/tp_ws/install/tp_cmd_sub
[0.040s] -- Found ament_cmake: 1.3.11 (/opt/ros/humble/share/ament_cmake/cmake)
[0.207s] -- Override CMake install command with custom implementation using symlinks instead of copying resources
[0.223s] -- Found rclcpp: 16.0.12 (/opt/ros/humble/share/rclcpp/cmake)
[0.273s] -- Found rosidl_generator_c: 3.1.6 (/opt/ros/humble/share/rosidl_generator_c/cmake)
[0.276s] -- Found rosidl_adapter: 3.1.6 (/opt/ros/humble/share/rosidl_adapter/cmake)
[0.282s] -- Found rosidl_generator_cpp: 3.1.6 (/opt/ros/humble/share/rosidl_generator_cpp/cmake)
[0.294s] -- Using all available rosidl_typesupport_c: rosidl_typesupport_fastrtps_c;rosidl_typesupport_introspection_c
[0.310s] -- Using all available rosidl_typesupport_cpp: rosidl_typesupport_fastrtps_cpp;rosidl_typesupport_introspection_cpp
[0.349s] -- Found rmw_implementation_cmake: 6.1.2 (/opt/ros/humble/share/rmw_implementation_cmake/cmake)
[0.352s] -- Found rmw_fastrtps_cpp: 6.2.7 (/opt/ros/humble/share/rmw_fastrtps_cpp/cmake)
[0.483s] -- Using RMW implementation 'rmw_fastrtps_cpp' as default
[0.537s] -- Found geometry_msgs: 4.8.0 (/opt/ros/humble/share/geometry_msgs/cmake)
[0.550s] -- Found ament_lint_auto: 0.12.12 (/opt/ros/humble/share/ament_lint_auto/cmake)
[0.655s] -- Added test 'cppcheck' to perform static code analysis on C / C++ code
[0.656s] -- Configured cppcheck include dirs: 
[0.656s] -- Configured cppcheck exclude dirs and/or files: 
[0.656s] -- Added test 'lint_cmake' to check CMake code style
[0.657s] -- Added test 'uncrustify' to check C / C++ code style
[0.657s] -- Configured uncrustify additional arguments: 
[0.657s] -- Added test 'xmllint' to check XML markup files
[0.658s] -- Configuring done
[0.668s] -- Generating done
[0.672s] -- Build files have been written to: /home/yiyo/Telepresence/Telepresence-Stack/ros2/tp_ws/build/tp_cmd_sub
[0.681s] Invoked command in '/home/yiyo/Telepresence/Telepresence-Stack/ros2/tp_ws/build/tp_cmd_sub' returned '0': CMAKE_PREFIX_PATH=${CMAKE_PREFIX_PATH}:/home/yiyo/Telepresence/Telepresence-Stack/ros2/tp_ws/install/tp_safety:/home/yiyo/Telepresence/Telepresence-Stack/ros2/tp_ws/install/tp_bringup:/home/yiyo/ros2_ws/install/servo_commander:/home/yiyo/magician_ws/install/dobot_visualization_tools:/home/yiyo/magician_ws/install/dobot_state_updater:/home/yiyo/magician_ws/install/dobot_motion:/home/yiyo/magician_ws/install/dobot_kinematics:/home/yiyo/magician_ws/install/dobot_homing:/home/yiyo/magician_ws/install/dobot_end_effector:/home/yiyo/magician_ws/install/dobot_diagnostics:/home/yiyo/magician_ws/install/dobot_demos:/home/yiyo/magician_ws/install/dobot_control_panel:/home/yiyo/magician_ws/install/dobot_bringup:/opt/ros/humble /usr/bin/cmake /home/yiyo/Telepresence/Telepresence-Stack/ros2/tp_ws/tp_cmd_sub -DCMAKE_INSTALL_PREFIX=/home/yiyo/Telepresence/Telepresence-Stack/ros2/tp_ws/install/tp_cmd_sub
[0.684s] Invoking command in '/home/yiyo/Telepresence/Telepresence-Stack/ros2/tp_ws/build/tp_cmd_sub': CMAKE_PREFIX_PATH=${CMAKE_PREFIX_PATH}:/home/yiyo/Telepresence/Telepresence-Stack/ros2/tp_ws/install/tp_safety:/home/yiyo/Telepresence/Telepresence-Stack/ros2/tp_ws/install/tp_bringup:/home/yiyo/ros2_ws/install/servo_commander:/home/yiyo/magician_ws/install/dobot_visualization_tools:/home/yiyo/magician_ws/install/dobot_state_updater:/home/yiyo/magician_ws/install/dobot_motion:/home/yiyo/magician_ws/install/dobot_kinematics:/home/yiyo/magician_ws/install/dobot_homing:/home/yiyo/magician_ws/install/dobot_end_effector:/home/yiyo/magician_ws/install/dobot_diagnostics:/home/yiyo/magician_ws/install/dobot_demos:/home/yiyo/magician_ws/install/dobot_control_panel:/home/yiyo/magician_ws/install/dobot_bringup:/opt/ros/humble /usr/bin/cmake --build /home/yiyo/Telepresence/Telepresence-Stack/ros2/tp_ws/build/tp_cmd_sub -- -j4 -l4
[0.756s] [35m[1mConsolidate compiler generated dependencies of target cmd_sub[0m
[0.780s] [100%] Built target cmd_sub
[0.795s] Invoked command in '/home/yiyo/Telepresence/Telepresence-Stack/ros2/tp_ws/build/tp_cmd_sub' returned '0': CMAKE_PREFIX_PATH=${CMAKE_PREFIX_PATH}:/home/yiyo/Telepresence/Telepresence-Stack/ros2/tp_ws/install/tp_safety:/home/yiyo/Telepresence/Telepresence-Stack/ros2/tp_ws/install/tp_bringup:/home/yiyo/ros2_ws/install/servo_commander:/home/yiyo/magician_ws/install/dobot_visualization_tools:/home/yiyo/magician_ws/install/dobot_state_updater:/home/yiyo/magician_ws/install/dobot_motion:/home/yiyo/magician_ws/install/dobot_kinematics:/home/yiyo/magician_ws/install/dobot_homing:/home/yiyo/magician_ws/install/dobot_end_effector:/home/yiyo/magician_ws/install/dobot_diagnostics:/home/yiyo/magician_ws/install/dobot_demos:/home/yiyo/magician_ws/install/dobot_control_panel:/home/yiyo/magician_ws/install/dobot_bringup:/opt/ros/humble /usr/bin/cmake --build /home/yiyo/Telepresence/Telepresence-Stack/ros2/tp_ws/build/tp_cmd_sub -- -j4 -l4
[0.810s] Invoking command in '/home/yiyo/Telepresence/Telepresence-Stack/ros2/tp_ws/build/tp_cmd_sub': CMAKE_PREFIX_PATH=${CMAKE_PREFIX_PATH}:/home/yiyo/Telepresence/Telepresence-Stack/ros2/tp_ws/install/tp_safety:/home/yiyo/Telepresence/Telepresence-Stack/ros2/tp_ws/install/tp_bringup:/home/yiyo/ros2_ws/install/servo_commander:/home/yiyo/magician_ws/install/dobot_visualization_tools:/home/yiyo/magician_ws/install/dobot_state_updater:/home/yiyo/magician_ws/install/dobot_motion:/home/yiyo/magician_ws/install/dobot_kinematics:/home/yiyo/magician_ws/install/dobot_homing:/home/yiyo/magician_ws/install/dobot_end_effector:/home/yiyo/magician_ws/install/dobot_diagnostics:/home/yiyo/magician_ws/install/dobot_demos:/home/yiyo/magician_ws/install/dobot_control_panel:/home/yiyo/magician_ws/install/dobot_bringup:/opt/ros/humble /usr/bin/cmake --install /home/yiyo/Telepresence/Telepresence-Stack/ros2/tp_ws/build/tp_cmd_sub
[0.818s] -- Install configuration: ""
[0.819s] -- Execute custom install script
[0.819s] -- Up-to-date symlink: /home/yiyo/Telepresence/Telepresence-Stack/ros2/tp_ws/install/tp_cmd_sub/lib/tp_cmd_sub/cmd_sub
[0.819s] -- Up-to-date symlink: /home/yiyo/Telepresence/Telepresence-Stack/ros2/tp_ws/install/tp_cmd_sub/share/ament_index/resource_index/package_run_dependencies/tp_cmd_sub
[0.820s] -- Up-to-date symlink: /home/yiyo/Telepresence/Telepresence-Stack/ros2/tp_ws/install/tp_cmd_sub/share/ament_index/resource_index/parent_prefix_path/tp_cmd_sub
[0.820s] -- Up-to-date symlink: /home/yiyo/Telepresence/Telepresence-Stack/ros2/tp_ws/install/tp_cmd_sub/share/tp_cmd_sub/environment/ament_prefix_path.sh
[0.820s] -- Up-to-date symlink: /home/yiyo/Telepresence/Telepresence-Stack/ros2/tp_ws/install/tp_cmd_sub/share/tp_cmd_sub/environment/ament_prefix_path.dsv
[0.820s] -- Up-to-date symlink: /home/yiyo/Telepresence/Telepresence-Stack/ros2/tp_ws/install/tp_cmd_sub/share/tp_cmd_sub/environment/path.sh
[0.820s] -- Up-to-date symlink: /home/yiyo/Telepresence/Telepresence-Stack/ros2/tp_ws/install/tp_cmd_sub/share/tp_cmd_sub/environment/path.dsv
[0.820s] -- Up-to-date symlink: /home/yiyo/Telepresence/Telepresence-Stack/ros2/tp_ws/install/tp_cmd_sub/share/tp_cmd_sub/local_setup.bash
[0.820s] -- Up-to-date symlink: /home/yiyo/Telepresence/Telepresence-Stack/ros2/tp_ws/install/tp_cmd_sub/share/tp_cmd_sub/local_setup.sh
[0.821s] -- Up-to-date symlink: /home/yiyo/Telepresence/Telepresence-Stack/ros2/tp_ws/install/tp_cmd_sub/share/tp_cmd_sub/local_setup.zsh
[0.821s] -- Up-to-date symlink: /home/yiyo/Telepresence/Telepresence-Stack/ros2/tp_ws/install/tp_cmd_sub/share/tp_cmd_sub/local_setup.dsv
[0.821s] -- Symlinking: /home/yiyo/Telepresence/Telepresence-Stack/ros2/tp_ws/install/tp_cmd_sub/share/tp_cmd_sub/package.dsv
[0.834s] -- Up-to-date symlink: /home/yiyo/Telepresence/Telepresence-Stack/ros2/tp_ws/install/tp_cmd_sub/share/ament_index/resource_index/packages/tp_cmd_sub
[0.834s] -- Up-to-date symlink: /home/yiyo/Telepresence/Telepresence-Stack/ros2/tp_ws/install/tp_cmd_sub/share/tp_cmd_sub/cmake/tp_cmd_subConfig.cmake
[0.835s] -- Up-to-date symlink: /home/yiyo/Telepresence/Telepresence-Stack/ros2/tp_ws/install/tp_cmd_sub/share/tp_cmd_sub/cmake/tp_cmd_subConfig-version.cmake
[0.835s] -- Up-to-date symlink: /home/yiyo/Telepresence/Telepresence-Stack/ros2/tp_ws/install/tp_cmd_sub/share/tp_cmd_sub/package.xml
[0.839s] Invoked command in '/home/yiyo/Telepresence/Telepresence-Stack/ros2/tp_ws/build/tp_cmd_sub' returned '0': CMAKE_PREFIX_PATH=${CMAKE_PREFIX_PATH}:/home/yiyo/Telepresence/Telepresence-Stack/ros2/tp_ws/install/tp_safety:/home/yiyo/Telepresence/Telepresence-Stack/ros2/tp_ws/install/tp_bringup:/home/yiyo/ros2_ws/install/servo_commander:/home/yiyo/magician_ws/install/dobot_visualization_tools:/home/yiyo/magician_ws/install/dobot_state_updater:/home/yiyo/magician_ws/install/dobot_motion:/home/yiyo/magician_ws/install/dobot_kinematics:/home/yiyo/magician_ws/install/dobot_homing:/home/yiyo/magician_ws/install/dobot_end_effector:/home/yiyo/magician_ws/install/dobot_diagnostics:/home/yiyo/magician_ws/install/dobot_demos:/home/yiyo/magician_ws/install/dobot_control_panel:/home/yiyo/magician_ws/install/dobot_bringup:/opt/ros/humble /usr/bin/cmake --install /home/yiyo/Telepresence/Telepresence-Stack/ros2/tp_ws/build/tp_cmd_sub
