running develop
Removing /home/yiyo/Telepresence/Telepresence-Stack/ros2/tp_ws/install/tp_safety/lib/python3.10/site-packages/tp-safety.egg-link (link to .)
running egg_info
writing ../build/tp_safety/tp_safety.egg-info/PKG-INFO
writing dependency_links to ../build/tp_safety/tp_safety.egg-info/dependency_links.txt
writing entry points to ../build/tp_safety/tp_safety.egg-info/entry_points.txt
writing requirements to ../build/tp_safety/tp_safety.egg-info/requires.txt
writing top-level names to ../build/tp_safety/tp_safety.egg-info/top_level.txt
reading manifest file '../build/tp_safety/tp_safety.egg-info/SOURCES.txt'
writing manifest file '../build/tp_safety/tp_safety.egg-info/SOURCES.txt'
running build
running build_py
creating /home/yiyo/Telepresence/Telepresence-Stack/ros2/tp_ws/build/tp_safety/build
creating /home/yiyo/Telepresence/Telepresence-Stack/ros2/tp_ws/build/tp_safety/build/lib
creating /home/yiyo/Telepresence/Telepresence-Stack/ros2/tp_ws/build/tp_safety/build/lib/tp_safety
copying tp_safety/estop_mux.py -> /home/yiyo/Telepresence/Telepresence-Stack/ros2/tp_ws/build/tp_safety/build/lib/tp_safety
copying tp_safety/__init__.py -> /home/yiyo/Telepresence/Telepresence-Stack/ros2/tp_ws/build/tp_safety/build/lib/tp_safety
running install
running install_lib
creating /home/yiyo/Telepresence/Telepresence-Stack/ros2/tp_ws/install/tp_safety/lib/python3.10/site-packages/tp_safety
copying /home/yiyo/Telepresence/Telepresence-Stack/ros2/tp_ws/build/tp_safety/build/lib/tp_safety/estop_mux.py -> /home/yiyo/Telepresence/Telepresence-Stack/ros2/tp_ws/install/tp_safety/lib/python3.10/site-packages/tp_safety
copying /home/yiyo/Telepresence/Telepresence-Stack/ros2/tp_ws/build/tp_safety/build/lib/tp_safety/__init__.py -> /home/yiyo/Telepresence/Telepresence-Stack/ros2/tp_ws/install/tp_safety/lib/python3.10/site-packages/tp_safety
byte-compiling /home/yiyo/Telepresence/Telepresence-Stack/ros2/tp_ws/install/tp_safety/lib/python3.10/site-packages/tp_safety/estop_mux.py to estop_mux.cpython-310.pyc
byte-compiling /home/yiyo/Telepresence/Telepresence-Stack/ros2/tp_ws/install/tp_safety/lib/python3.10/site-packages/tp_safety/__init__.py to __init__.cpython-310.pyc
running install_data
copying resource/tp_safety -> /home/yiyo/Telepresence/Telepresence-Stack/ros2/tp_ws/install/tp_safety/share/ament_index/resource_index/packages
copying package.xml -> /home/yiyo/Telepresence/Telepresence-Stack/ros2/tp_ws/install/tp_safety/share/tp_safety
running install_egg_info
Copying ../build/tp_safety/tp_safety.egg-info to /home/yiyo/Telepresence/Telepresence-Stack/ros2/tp_ws/install/tp_safety/lib/python3.10/site-packages/tp_safety-0.0.0-py3.10.egg-info
running install_scripts
Installing estop_mux script to /home/yiyo/Telepresence/Telepresence-Stack/ros2/tp_ws/install/tp_safety/lib/tp_safety
writing list of installed files to '/home/yiyo/Telepresence/Telepresence-Stack/ros2/tp_ws/build/tp_safety/install.log'
