[0.125s] DEBUG:colcon:Command line arguments: ['/usr/bin/colcon', 'build', '--symlink-install']
[0.125s] DEBUG:colcon:Parsed command line arguments: Namespace(log_base=None, log_level=None, verb_name='build', build_base='build', install_base='install', merge_install=False, symlink_install=True, test_result_base=None, continue_on_error=False, executor='parallel', parallel_workers=4, event_handlers=None, ignore_user_meta=False, metas=['./colcon.meta'], base_paths=['.'], packages_ignore=None, packages_ignore_regex=None, paths=None, packages_up_to=None, packages_up_to_regex=None, packages_above=None, packages_above_and_dependencies=None, packages_above_depth=None, packages_select_by_dep=None, packages_skip_by_dep=None, packages_skip_up_to=None, packages_select_build_failed=False, packages_skip_build_finished=False, packages_select_test_failures=False, packages_skip_test_passed=False, packages_select=None, packages_skip=None, packages_select_regex=None, packages_skip_regex=None, packages_start=None, packages_end=None, allow_overriding=[], cmake_args=None, cmake_target=None, cmake_target_skip_unavailable=False, cmake_clean_cache=False, cmake_clean_first=False, cmake_force_configure=False, ament_cmake_args=None, catkin_cmake_args=None, catkin_skip_building_tests=False, verb_parser=<colcon_defaults.argument_parser.defaults.DefaultArgumentsDecorator object at 0x761a29c03490>, verb_extension=<colcon_core.verb.build.BuildVerb object at 0x761a29d44970>, main=<bound method BuildVerb.main of <colcon_core.verb.build.BuildVerb object at 0x761a29d44970>>)
[0.318s] Level 1:colcon.colcon_core.package_discovery:discover_packages(colcon_meta) check parameters
[0.318s] Level 1:colcon.colcon_core.package_discovery:discover_packages(recursive) check parameters
[0.318s] Level 1:colcon.colcon_core.package_discovery:discover_packages(ignore) check parameters
[0.318s] Level 1:colcon.colcon_core.package_discovery:discover_packages(path) check parameters
[0.318s] Level 1:colcon.colcon_core.package_discovery:discover_packages(colcon_meta) discover
[0.318s] Level 1:colcon.colcon_core.package_discovery:discover_packages(recursive) discover
[0.318s] INFO:colcon.colcon_core.package_discovery:Crawling recursively for packages in '/home/yiyo/Telepresence/Telepresence-Stack/ros2/tp_ws'
[0.319s] Level 1:colcon.colcon_core.package_identification:_identify(.) by extensions ['ignore', 'ignore_ament_install']
[0.319s] Level 1:colcon.colcon_core.package_identification:_identify(.) by extension 'ignore'
[0.319s] Level 1:colcon.colcon_core.package_identification:_identify(.) by extension 'ignore_ament_install'
[0.319s] Level 1:colcon.colcon_core.package_identification:_identify(.) by extensions ['colcon_pkg']
[0.319s] Level 1:colcon.colcon_core.package_identification:_identify(.) by extension 'colcon_pkg'
[0.319s] Level 1:colcon.colcon_core.package_identification:_identify(.) by extensions ['colcon_meta']
[0.319s] Level 1:colcon.colcon_core.package_identification:_identify(.) by extension 'colcon_meta'
[0.319s] Level 1:colcon.colcon_core.package_identification:_identify(.) by extensions ['ros']
[0.319s] Level 1:colcon.colcon_core.package_identification:_identify(.) by extension 'ros'
[0.331s] Level 1:colcon.colcon_core.package_identification:_identify(.) by extensions ['cmake', 'python']
[0.331s] Level 1:colcon.colcon_core.package_identification:_identify(.) by extension 'cmake'
[0.331s] Level 1:colcon.colcon_core.package_identification:_identify(.) by extension 'python'
[0.331s] Level 1:colcon.colcon_core.package_identification:_identify(.) by extensions ['python_setup_py']
[0.331s] Level 1:colcon.colcon_core.package_identification:_identify(.) by extension 'python_setup_py'
[0.332s] Level 1:colcon.colcon_core.package_identification:_identify(build) by extensions ['ignore', 'ignore_ament_install']
[0.332s] Level 1:colcon.colcon_core.package_identification:_identify(build) by extension 'ignore'
[0.332s] Level 1:colcon.colcon_core.package_identification:_identify(build) ignored
[0.332s] Level 1:colcon.colcon_core.package_identification:_identify(install) by extensions ['ignore', 'ignore_ament_install']
[0.332s] Level 1:colcon.colcon_core.package_identification:_identify(install) by extension 'ignore'
[0.332s] Level 1:colcon.colcon_core.package_identification:_identify(install) ignored
[0.332s] Level 1:colcon.colcon_core.package_identification:_identify(log) by extensions ['ignore', 'ignore_ament_install']
[0.332s] Level 1:colcon.colcon_core.package_identification:_identify(log) by extension 'ignore'
[0.332s] Level 1:colcon.colcon_core.package_identification:_identify(log) ignored
[0.332s] Level 1:colcon.colcon_core.package_identification:_identify(src) by extensions ['ignore', 'ignore_ament_install']
[0.332s] Level 1:colcon.colcon_core.package_identification:_identify(src) by extension 'ignore'
[0.332s] Level 1:colcon.colcon_core.package_identification:_identify(src) by extension 'ignore_ament_install'
[0.332s] Level 1:colcon.colcon_core.package_identification:_identify(src) by extensions ['colcon_pkg']
[0.332s] Level 1:colcon.colcon_core.package_identification:_identify(src) by extension 'colcon_pkg'
[0.333s] Level 1:colcon.colcon_core.package_identification:_identify(src) by extensions ['colcon_meta']
[0.333s] Level 1:colcon.colcon_core.package_identification:_identify(src) by extension 'colcon_meta'
[0.333s] Level 1:colcon.colcon_core.package_identification:_identify(src) by extensions ['ros']
[0.333s] Level 1:colcon.colcon_core.package_identification:_identify(src) by extension 'ros'
[0.333s] Level 1:colcon.colcon_core.package_identification:_identify(src) by extensions ['cmake', 'python']
[0.333s] Level 1:colcon.colcon_core.package_identification:_identify(src) by extension 'cmake'
[0.333s] Level 1:colcon.colcon_core.package_identification:_identify(src) by extension 'python'
[0.333s] Level 1:colcon.colcon_core.package_identification:_identify(src) by extensions ['python_setup_py']
[0.333s] Level 1:colcon.colcon_core.package_identification:_identify(src) by extension 'python_setup_py'
[0.333s] Level 1:colcon.colcon_core.package_identification:_identify(tp_bringup) by extensions ['ignore', 'ignore_ament_install']
[0.333s] Level 1:colcon.colcon_core.package_identification:_identify(tp_bringup) by extension 'ignore'
[0.333s] Level 1:colcon.colcon_core.package_identification:_identify(tp_bringup) by extension 'ignore_ament_install'
[0.333s] Level 1:colcon.colcon_core.package_identification:_identify(tp_bringup) by extensions ['colcon_pkg']
[0.333s] Level 1:colcon.colcon_core.package_identification:_identify(tp_bringup) by extension 'colcon_pkg'
[0.333s] Level 1:colcon.colcon_core.package_identification:_identify(tp_bringup) by extensions ['colcon_meta']
[0.333s] Level 1:colcon.colcon_core.package_identification:_identify(tp_bringup) by extension 'colcon_meta'
[0.333s] Level 1:colcon.colcon_core.package_identification:_identify(tp_bringup) by extensions ['ros']
[0.333s] Level 1:colcon.colcon_core.package_identification:_identify(tp_bringup) by extension 'ros'
[0.336s] DEBUG:colcon.colcon_core.package_identification:Package 'tp_bringup' with type 'ros.ament_python' and name 'tp_bringup'
[0.336s] Level 1:colcon.colcon_core.package_identification:_identify(tp_cmd_sub) by extensions ['ignore', 'ignore_ament_install']
[0.336s] Level 1:colcon.colcon_core.package_identification:_identify(tp_cmd_sub) by extension 'ignore'
[0.336s] Level 1:colcon.colcon_core.package_identification:_identify(tp_cmd_sub) by extension 'ignore_ament_install'
[0.336s] Level 1:colcon.colcon_core.package_identification:_identify(tp_cmd_sub) by extensions ['colcon_pkg']
[0.336s] Level 1:colcon.colcon_core.package_identification:_identify(tp_cmd_sub) by extension 'colcon_pkg'
[0.337s] Level 1:colcon.colcon_core.package_identification:_identify(tp_cmd_sub) by extensions ['colcon_meta']
[0.337s] Level 1:colcon.colcon_core.package_identification:_identify(tp_cmd_sub) by extension 'colcon_meta'
[0.337s] Level 1:colcon.colcon_core.package_identification:_identify(tp_cmd_sub) by extensions ['ros']
[0.337s] Level 1:colcon.colcon_core.package_identification:_identify(tp_cmd_sub) by extension 'ros'
[0.337s] DEBUG:colcon.colcon_core.package_identification:Package 'tp_cmd_sub' with type 'ros.ament_cmake' and name 'tp_cmd_sub'
[0.337s] Level 1:colcon.colcon_core.package_identification:_identify(tp_safety) by extensions ['ignore', 'ignore_ament_install']
[0.338s] Level 1:colcon.colcon_core.package_identification:_identify(tp_safety) by extension 'ignore'
[0.338s] Level 1:colcon.colcon_core.package_identification:_identify(tp_safety) by extension 'ignore_ament_install'
[0.338s] Level 1:colcon.colcon_core.package_identification:_identify(tp_safety) by extensions ['colcon_pkg']
[0.338s] Level 1:colcon.colcon_core.package_identification:_identify(tp_safety) by extension 'colcon_pkg'
[0.338s] Level 1:colcon.colcon_core.package_identification:_identify(tp_safety) by extensions ['colcon_meta']
[0.338s] Level 1:colcon.colcon_core.package_identification:_identify(tp_safety) by extension 'colcon_meta'
[0.338s] Level 1:colcon.colcon_core.package_identification:_identify(tp_safety) by extensions ['ros']
[0.338s] Level 1:colcon.colcon_core.package_identification:_identify(tp_safety) by extension 'ros'
[0.339s] DEBUG:colcon.colcon_core.package_identification:Package 'tp_safety' with type 'ros.ament_python' and name 'tp_safety'
[0.339s] Level 1:colcon.colcon_core.package_discovery:discover_packages(recursive) using defaults
[0.339s] Level 1:colcon.colcon_core.package_discovery:discover_packages(ignore) discover
[0.339s] Level 1:colcon.colcon_core.package_discovery:discover_packages(ignore) using defaults
[0.339s] Level 1:colcon.colcon_core.package_discovery:discover_packages(path) discover
[0.339s] Level 1:colcon.colcon_core.package_discovery:discover_packages(path) using defaults
[0.377s] Level 1:colcon.colcon_core.package_discovery:discover_packages(prefix_path) check parameters
[0.378s] Level 1:colcon.colcon_core.package_discovery:discover_packages(prefix_path) discover
[0.380s] DEBUG:colcon.colcon_installed_package_information.package_discovery:Found 3 installed packages in /home/yiyo/Telepresence/Telepresence-Stack/ros2/tp_ws/install
[0.381s] DEBUG:colcon.colcon_installed_package_information.package_discovery:Found 18 installed packages in /home/yiyo/ros2_ws/install
[0.382s] DEBUG:colcon.colcon_installed_package_information.package_discovery:Found 13 installed packages in /home/yiyo/magician_ws/install
[0.384s] DEBUG:colcon.colcon_installed_package_information.package_discovery:Found 332 installed packages in /opt/ros/humble
[0.386s] Level 1:colcon.colcon_core.package_discovery:discover_packages(prefix_path) using defaults
[0.438s] Level 5:colcon.colcon_core.verb:set package 'tp_bringup' build argument 'cmake_args' from command line to 'None'
[0.438s] Level 5:colcon.colcon_core.verb:set package 'tp_bringup' build argument 'cmake_target' from command line to 'None'
[0.438s] Level 5:colcon.colcon_core.verb:set package 'tp_bringup' build argument 'cmake_target_skip_unavailable' from command line to 'False'
[0.438s] Level 5:colcon.colcon_core.verb:set package 'tp_bringup' build argument 'cmake_clean_cache' from command line to 'False'
[0.438s] Level 5:colcon.colcon_core.verb:set package 'tp_bringup' build argument 'cmake_clean_first' from command line to 'False'
[0.438s] Level 5:colcon.colcon_core.verb:set package 'tp_bringup' build argument 'cmake_force_configure' from command line to 'False'
[0.438s] Level 5:colcon.colcon_core.verb:set package 'tp_bringup' build argument 'ament_cmake_args' from command line to 'None'
[0.438s] Level 5:colcon.colcon_core.verb:set package 'tp_bringup' build argument 'catkin_cmake_args' from command line to 'None'
[0.438s] Level 5:colcon.colcon_core.verb:set package 'tp_bringup' build argument 'catkin_skip_building_tests' from command line to 'False'
[0.438s] DEBUG:colcon.colcon_core.verb:Building package 'tp_bringup' with the following arguments: {'ament_cmake_args': None, 'build_base': '/home/yiyo/Telepresence/Telepresence-Stack/ros2/tp_ws/build/tp_bringup', 'catkin_cmake_args': None, 'catkin_skip_building_tests': False, 'cmake_args': None, 'cmake_clean_cache': False, 'cmake_clean_first': False, 'cmake_force_configure': False, 'cmake_target': None, 'cmake_target_skip_unavailable': False, 'install_base': '/home/yiyo/Telepresence/Telepresence-Stack/ros2/tp_ws/install/tp_bringup', 'merge_install': False, 'path': '/home/yiyo/Telepresence/Telepresence-Stack/ros2/tp_ws/tp_bringup', 'symlink_install': True, 'test_result_base': None}
[0.439s] Level 5:colcon.colcon_core.verb:set package 'tp_cmd_sub' build argument 'cmake_args' from command line to 'None'
[0.439s] Level 5:colcon.colcon_core.verb:set package 'tp_cmd_sub' build argument 'cmake_target' from command line to 'None'
[0.439s] Level 5:colcon.colcon_core.verb:set package 'tp_cmd_sub' build argument 'cmake_target_skip_unavailable' from command line to 'False'
[0.439s] Level 5:colcon.colcon_core.verb:set package 'tp_cmd_sub' build argument 'cmake_clean_cache' from command line to 'False'
[0.439s] Level 5:colcon.colcon_core.verb:set package 'tp_cmd_sub' build argument 'cmake_clean_first' from command line to 'False'
[0.439s] Level 5:colcon.colcon_core.verb:set package 'tp_cmd_sub' build argument 'cmake_force_configure' from command line to 'False'
[0.439s] Level 5:colcon.colcon_core.verb:set package 'tp_cmd_sub' build argument 'ament_cmake_args' from command line to 'None'
[0.439s] Level 5:colcon.colcon_core.verb:set package 'tp_cmd_sub' build argument 'catkin_cmake_args' from command line to 'None'
[0.439s] Level 5:colcon.colcon_core.verb:set package 'tp_cmd_sub' build argument 'catkin_skip_building_tests' from command line to 'False'
[0.439s] DEBUG:colcon.colcon_core.verb:Building package 'tp_cmd_sub' with the following arguments: {'ament_cmake_args': None, 'build_base': '/home/yiyo/Telepresence/Telepresence-Stack/ros2/tp_ws/build/tp_cmd_sub', 'catkin_cmake_args': None, 'catkin_skip_building_tests': False, 'cmake_args': None, 'cmake_clean_cache': False, 'cmake_clean_first': False, 'cmake_force_configure': False, 'cmake_target': None, 'cmake_target_skip_unavailable': False, 'install_base': '/home/yiyo/Telepresence/Telepresence-Stack/ros2/tp_ws/install/tp_cmd_sub', 'merge_install': False, 'path': '/home/yiyo/Telepresence/Telepresence-Stack/ros2/tp_ws/tp_cmd_sub', 'symlink_install': True, 'test_result_base': None}
[0.439s] Level 5:colcon.colcon_core.verb:set package 'tp_safety' build argument 'cmake_args' from command line to 'None'
[0.439s] Level 5:colcon.colcon_core.verb:set package 'tp_safety' build argument 'cmake_target' from command line to 'None'
[0.439s] Level 5:colcon.colcon_core.verb:set package 'tp_safety' build argument 'cmake_target_skip_unavailable' from command line to 'False'
[0.439s] Level 5:colcon.colcon_core.verb:set package 'tp_safety' build argument 'cmake_clean_cache' from command line to 'False'
[0.439s] Level 5:colcon.colcon_core.verb:set package 'tp_safety' build argument 'cmake_clean_first' from command line to 'False'
[0.439s] Level 5:colcon.colcon_core.verb:set package 'tp_safety' build argument 'cmake_force_configure' from command line to 'False'
[0.439s] Level 5:colcon.colcon_core.verb:set package 'tp_safety' build argument 'ament_cmake_args' from command line to 'None'
[0.439s] Level 5:colcon.colcon_core.verb:set package 'tp_safety' build argument 'catkin_cmake_args' from command line to 'None'
[0.439s] Level 5:colcon.colcon_core.verb:set package 'tp_safety' build argument 'catkin_skip_building_tests' from command line to 'False'
[0.440s] DEBUG:colcon.colcon_core.verb:Building package 'tp_safety' with the following arguments: {'ament_cmake_args': None, 'build_base': '/home/yiyo/Telepresence/Telepresence-Stack/ros2/tp_ws/build/tp_safety', 'catkin_cmake_args': None, 'catkin_skip_building_tests': False, 'cmake_args': None, 'cmake_clean_cache': False, 'cmake_clean_first': False, 'cmake_force_configure': False, 'cmake_target': None, 'cmake_target_skip_unavailable': False, 'install_base': '/home/yiyo/Telepresence/Telepresence-Stack/ros2/tp_ws/install/tp_safety', 'merge_install': False, 'path': '/home/yiyo/Telepresence/Telepresence-Stack/ros2/tp_ws/tp_safety', 'symlink_install': True, 'test_result_base': None}
[0.440s] INFO:colcon.colcon_core.executor:Executing jobs using 'parallel' executor
[0.441s] DEBUG:colcon.colcon_parallel_executor.executor.parallel:run_until_complete
[0.441s] INFO:colcon.colcon_ros.task.ament_python.build:Building ROS package in '/home/yiyo/Telepresence/Telepresence-Stack/ros2/tp_ws/tp_bringup' with build type 'ament_python'
[0.442s] Level 1:colcon.colcon_core.shell:create_environment_hook('tp_bringup', 'ament_prefix_path')
[0.444s] INFO:colcon.colcon_core.plugin_system:Skipping extension 'colcon_core.shell.bat': Not used on non-Windows systems
[0.445s] INFO:colcon.colcon_core.shell:Creating environment hook '/home/yiyo/Telepresence/Telepresence-Stack/ros2/tp_ws/install/tp_bringup/share/tp_bringup/hook/ament_prefix_path.ps1'
[0.445s] INFO:colcon.colcon_core.shell:Creating environment descriptor '/home/yiyo/Telepresence/Telepresence-Stack/ros2/tp_ws/install/tp_bringup/share/tp_bringup/hook/ament_prefix_path.dsv'
[0.446s] INFO:colcon.colcon_core.shell:Creating environment hook '/home/yiyo/Telepresence/Telepresence-Stack/ros2/tp_ws/install/tp_bringup/share/tp_bringup/hook/ament_prefix_path.sh'
[0.447s] INFO:colcon.colcon_core.shell:Skip shell extension 'powershell' for command environment: Not usable outside of PowerShell
[0.447s] DEBUG:colcon.colcon_core.shell:Skip shell extension 'dsv' for command environment
[0.453s] INFO:colcon.colcon_ros.task.ament_cmake.build:Building ROS package in '/home/yiyo/Telepresence/Telepresence-Stack/ros2/tp_ws/tp_cmd_sub' with build type 'ament_cmake'
[0.453s] INFO:colcon.colcon_cmake.task.cmake.build:Building CMake package in '/home/yiyo/Telepresence/Telepresence-Stack/ros2/tp_ws/tp_cmd_sub'
[0.454s] INFO:colcon.colcon_core.shell:Skip shell extension 'powershell' for command environment: Not usable outside of PowerShell
[0.454s] DEBUG:colcon.colcon_core.shell:Skip shell extension 'dsv' for command environment
[0.461s] INFO:colcon.colcon_ros.task.ament_python.build:Building ROS package in '/home/yiyo/Telepresence/Telepresence-Stack/ros2/tp_ws/tp_safety' with build type 'ament_python'
[0.461s] Level 1:colcon.colcon_core.shell:create_environment_hook('tp_safety', 'ament_prefix_path')
[0.462s] INFO:colcon.colcon_core.shell:Creating environment hook '/home/yiyo/Telepresence/Telepresence-Stack/ros2/tp_ws/install/tp_safety/share/tp_safety/hook/ament_prefix_path.ps1'
[0.462s] INFO:colcon.colcon_core.shell:Creating environment descriptor '/home/yiyo/Telepresence/Telepresence-Stack/ros2/tp_ws/install/tp_safety/share/tp_safety/hook/ament_prefix_path.dsv'
[0.463s] INFO:colcon.colcon_core.shell:Creating environment hook '/home/yiyo/Telepresence/Telepresence-Stack/ros2/tp_ws/install/tp_safety/share/tp_safety/hook/ament_prefix_path.sh'
[0.463s] INFO:colcon.colcon_core.shell:Skip shell extension 'powershell' for command environment: Not usable outside of PowerShell
[0.463s] DEBUG:colcon.colcon_core.shell:Skip shell extension 'dsv' for command environment
[0.785s] INFO:colcon.colcon_core.task.python.build:Building Python package in '/home/yiyo/Telepresence/Telepresence-Stack/ros2/tp_ws/tp_bringup'
[0.786s] INFO:colcon.colcon_core.shell:Skip shell extension 'powershell' for command environment: Not usable outside of PowerShell
[0.786s] DEBUG:colcon.colcon_core.shell:Skip shell extension 'dsv' for command environment
[0.801s] DEBUG:colcon.colcon_core.event_handler.log_command:Invoking command in '/home/yiyo/Telepresence/Telepresence-Stack/ros2/tp_ws/build/tp_cmd_sub': CMAKE_PREFIX_PATH=${CMAKE_PREFIX_PATH}:/home/yiyo/Telepresence/Telepresence-Stack/ros2/tp_ws/install/tp_safety:/home/yiyo/Telepresence/Telepresence-Stack/ros2/tp_ws/install/tp_bringup:/home/yiyo/ros2_ws/install/servo_commander:/home/yiyo/magician_ws/install/dobot_visualization_tools:/home/yiyo/magician_ws/install/dobot_state_updater:/home/yiyo/magician_ws/install/dobot_motion:/home/yiyo/magician_ws/install/dobot_kinematics:/home/yiyo/magician_ws/install/dobot_homing:/home/yiyo/magician_ws/install/dobot_end_effector:/home/yiyo/magician_ws/install/dobot_diagnostics:/home/yiyo/magician_ws/install/dobot_demos:/home/yiyo/magician_ws/install/dobot_control_panel:/home/yiyo/magician_ws/install/dobot_bringup:/opt/ros/humble /usr/bin/cmake --build /home/yiyo/Telepresence/Telepresence-Stack/ros2/tp_ws/build/tp_cmd_sub -- -j4 -l4
[1.115s] INFO:colcon.colcon_core.task.python.build:Building Python package in '/home/yiyo/Telepresence/Telepresence-Stack/ros2/tp_ws/tp_safety'
[1.116s] INFO:colcon.colcon_core.shell:Skip shell extension 'powershell' for command environment: Not usable outside of PowerShell
[1.116s] DEBUG:colcon.colcon_core.shell:Skip shell extension 'dsv' for command environment
[1.138s] DEBUG:colcon.colcon_core.event_handler.log_command:Invoked command in '/home/yiyo/Telepresence/Telepresence-Stack/ros2/tp_ws/build/tp_cmd_sub' returned '0': CMAKE_PREFIX_PATH=${CMAKE_PREFIX_PATH}:/home/yiyo/Telepresence/Telepresence-Stack/ros2/tp_ws/install/tp_safety:/home/yiyo/Telepresence/Telepresence-Stack/ros2/tp_ws/install/tp_bringup:/home/yiyo/ros2_ws/install/servo_commander:/home/yiyo/magician_ws/install/dobot_visualization_tools:/home/yiyo/magician_ws/install/dobot_state_updater:/home/yiyo/magician_ws/install/dobot_motion:/home/yiyo/magician_ws/install/dobot_kinematics:/home/yiyo/magician_ws/install/dobot_homing:/home/yiyo/magician_ws/install/dobot_end_effector:/home/yiyo/magician_ws/install/dobot_diagnostics:/home/yiyo/magician_ws/install/dobot_demos:/home/yiyo/magician_ws/install/dobot_control_panel:/home/yiyo/magician_ws/install/dobot_bringup:/opt/ros/humble /usr/bin/cmake --build /home/yiyo/Telepresence/Telepresence-Stack/ros2/tp_ws/build/tp_cmd_sub -- -j4 -l4
[1.159s] DEBUG:colcon.colcon_core.event_handler.log_command:Invoking command in '/home/yiyo/Telepresence/Telepresence-Stack/ros2/tp_ws/build/tp_cmd_sub': CMAKE_PREFIX_PATH=${CMAKE_PREFIX_PATH}:/home/yiyo/Telepresence/Telepresence-Stack/ros2/tp_ws/install/tp_safety:/home/yiyo/Telepresence/Telepresence-Stack/ros2/tp_ws/install/tp_bringup:/home/yiyo/ros2_ws/install/servo_commander:/home/yiyo/magician_ws/install/dobot_visualization_tools:/home/yiyo/magician_ws/install/dobot_state_updater:/home/yiyo/magician_ws/install/dobot_motion:/home/yiyo/magician_ws/install/dobot_kinematics:/home/yiyo/magician_ws/install/dobot_homing:/home/yiyo/magician_ws/install/dobot_end_effector:/home/yiyo/magician_ws/install/dobot_diagnostics:/home/yiyo/magician_ws/install/dobot_demos:/home/yiyo/magician_ws/install/dobot_control_panel:/home/yiyo/magician_ws/install/dobot_bringup:/opt/ros/humble /usr/bin/cmake --install /home/yiyo/Telepresence/Telepresence-Stack/ros2/tp_ws/build/tp_cmd_sub
[1.189s] Level 1:colcon.colcon_core.environment:create_environment_scripts_only(tp_cmd_sub)
[1.190s] DEBUG:colcon.colcon_core.event_handler.log_command:Invoked command in '/home/yiyo/Telepresence/Telepresence-Stack/ros2/tp_ws/build/tp_cmd_sub' returned '0': CMAKE_PREFIX_PATH=${CMAKE_PREFIX_PATH}:/home/yiyo/Telepresence/Telepresence-Stack/ros2/tp_ws/install/tp_safety:/home/yiyo/Telepresence/Telepresence-Stack/ros2/tp_ws/install/tp_bringup:/home/yiyo/ros2_ws/install/servo_commander:/home/yiyo/magician_ws/install/dobot_visualization_tools:/home/yiyo/magician_ws/install/dobot_state_updater:/home/yiyo/magician_ws/install/dobot_motion:/home/yiyo/magician_ws/install/dobot_kinematics:/home/yiyo/magician_ws/install/dobot_homing:/home/yiyo/magician_ws/install/dobot_end_effector:/home/yiyo/magician_ws/install/dobot_diagnostics:/home/yiyo/magician_ws/install/dobot_demos:/home/yiyo/magician_ws/install/dobot_control_panel:/home/yiyo/magician_ws/install/dobot_bringup:/opt/ros/humble /usr/bin/cmake --install /home/yiyo/Telepresence/Telepresence-Stack/ros2/tp_ws/build/tp_cmd_sub
[1.194s] Level 1:colcon.colcon_core.environment:checking '/home/yiyo/Telepresence/Telepresence-Stack/ros2/tp_ws/install/tp_cmd_sub' for CMake module files
[1.194s] Level 1:colcon.colcon_core.environment:checking '/home/yiyo/Telepresence/Telepresence-Stack/ros2/tp_ws/install/tp_cmd_sub' for CMake config files
[1.194s] Level 1:colcon.colcon_core.shell:create_environment_hook('tp_cmd_sub', 'cmake_prefix_path')
[1.195s] INFO:colcon.colcon_core.shell:Creating environment hook '/home/yiyo/Telepresence/Telepresence-Stack/ros2/tp_ws/install/tp_cmd_sub/share/tp_cmd_sub/hook/cmake_prefix_path.ps1'
[1.195s] INFO:colcon.colcon_core.shell:Creating environment descriptor '/home/yiyo/Telepresence/Telepresence-Stack/ros2/tp_ws/install/tp_cmd_sub/share/tp_cmd_sub/hook/cmake_prefix_path.dsv'
[1.196s] INFO:colcon.colcon_core.shell:Creating environment hook '/home/yiyo/Telepresence/Telepresence-Stack/ros2/tp_ws/install/tp_cmd_sub/share/tp_cmd_sub/hook/cmake_prefix_path.sh'
[1.197s] Level 1:colcon.colcon_core.environment:checking '/home/yiyo/Telepresence/Telepresence-Stack/ros2/tp_ws/install/tp_cmd_sub/lib'
[1.197s] Level 1:colcon.colcon_core.environment:checking '/home/yiyo/Telepresence/Telepresence-Stack/ros2/tp_ws/install/tp_cmd_sub/bin'
[1.197s] Level 1:colcon.colcon_core.environment:checking '/home/yiyo/Telepresence/Telepresence-Stack/ros2/tp_ws/install/tp_cmd_sub/lib/pkgconfig/tp_cmd_sub.pc'
[1.197s] Level 1:colcon.colcon_core.environment:checking '/home/yiyo/Telepresence/Telepresence-Stack/ros2/tp_ws/install/tp_cmd_sub/lib/python3.10/site-packages'
[1.197s] Level 1:colcon.colcon_core.environment:checking '/home/yiyo/Telepresence/Telepresence-Stack/ros2/tp_ws/install/tp_cmd_sub/bin'
[1.198s] INFO:colcon.colcon_core.shell:Creating package script '/home/yiyo/Telepresence/Telepresence-Stack/ros2/tp_ws/install/tp_cmd_sub/share/tp_cmd_sub/package.ps1'
[1.199s] INFO:colcon.colcon_core.shell:Creating package descriptor '/home/yiyo/Telepresence/Telepresence-Stack/ros2/tp_ws/install/tp_cmd_sub/share/tp_cmd_sub/package.dsv'
[1.199s] INFO:colcon.colcon_core.shell:Creating package script '/home/yiyo/Telepresence/Telepresence-Stack/ros2/tp_ws/install/tp_cmd_sub/share/tp_cmd_sub/package.sh'
[1.200s] INFO:colcon.colcon_core.shell:Creating package script '/home/yiyo/Telepresence/Telepresence-Stack/ros2/tp_ws/install/tp_cmd_sub/share/tp_cmd_sub/package.bash'
[1.201s] INFO:colcon.colcon_core.shell:Creating package script '/home/yiyo/Telepresence/Telepresence-Stack/ros2/tp_ws/install/tp_cmd_sub/share/tp_cmd_sub/package.zsh'
[1.202s] Level 1:colcon.colcon_core.environment:create_file_with_runtime_dependencies(/home/yiyo/Telepresence/Telepresence-Stack/ros2/tp_ws/install/tp_cmd_sub/share/colcon-core/packages/tp_cmd_sub)
[1.203s] Level 1:colcon.colcon_core.environment:create_environment_scripts_only(tp_cmd_sub)
[1.203s] Level 1:colcon.colcon_core.environment:checking '/home/yiyo/Telepresence/Telepresence-Stack/ros2/tp_ws/install/tp_cmd_sub' for CMake module files
[1.204s] Level 1:colcon.colcon_core.environment:checking '/home/yiyo/Telepresence/Telepresence-Stack/ros2/tp_ws/install/tp_cmd_sub' for CMake config files
[1.204s] Level 1:colcon.colcon_core.shell:create_environment_hook('tp_cmd_sub', 'cmake_prefix_path')
[1.204s] INFO:colcon.colcon_core.shell:Creating environment hook '/home/yiyo/Telepresence/Telepresence-Stack/ros2/tp_ws/install/tp_cmd_sub/share/tp_cmd_sub/hook/cmake_prefix_path.ps1'
[1.232s] INFO:colcon.colcon_core.shell:Creating environment descriptor '/home/yiyo/Telepresence/Telepresence-Stack/ros2/tp_ws/install/tp_cmd_sub/share/tp_cmd_sub/hook/cmake_prefix_path.dsv'
[1.233s] INFO:colcon.colcon_core.shell:Creating environment hook '/home/yiyo/Telepresence/Telepresence-Stack/ros2/tp_ws/install/tp_cmd_sub/share/tp_cmd_sub/hook/cmake_prefix_path.sh'
[1.234s] Level 1:colcon.colcon_core.environment:checking '/home/yiyo/Telepresence/Telepresence-Stack/ros2/tp_ws/install/tp_cmd_sub/lib'
[1.234s] Level 1:colcon.colcon_core.environment:checking '/home/yiyo/Telepresence/Telepresence-Stack/ros2/tp_ws/install/tp_cmd_sub/bin'
[1.235s] Level 1:colcon.colcon_core.environment:checking '/home/yiyo/Telepresence/Telepresence-Stack/ros2/tp_ws/install/tp_cmd_sub/lib/pkgconfig/tp_cmd_sub.pc'
[1.235s] Level 1:colcon.colcon_core.environment:checking '/home/yiyo/Telepresence/Telepresence-Stack/ros2/tp_ws/install/tp_cmd_sub/lib/python3.10/site-packages'
[1.236s] Level 1:colcon.colcon_core.environment:checking '/home/yiyo/Telepresence/Telepresence-Stack/ros2/tp_ws/install/tp_cmd_sub/bin'
[1.237s] INFO:colcon.colcon_core.shell:Creating package script '/home/yiyo/Telepresence/Telepresence-Stack/ros2/tp_ws/install/tp_cmd_sub/share/tp_cmd_sub/package.ps1'
[1.238s] INFO:colcon.colcon_core.shell:Creating package descriptor '/home/yiyo/Telepresence/Telepresence-Stack/ros2/tp_ws/install/tp_cmd_sub/share/tp_cmd_sub/package.dsv'
[1.239s] INFO:colcon.colcon_core.shell:Creating package script '/home/yiyo/Telepresence/Telepresence-Stack/ros2/tp_ws/install/tp_cmd_sub/share/tp_cmd_sub/package.sh'
[1.240s] INFO:colcon.colcon_core.shell:Creating package script '/home/yiyo/Telepresence/Telepresence-Stack/ros2/tp_ws/install/tp_cmd_sub/share/tp_cmd_sub/package.bash'
[1.241s] INFO:colcon.colcon_core.shell:Creating package script '/home/yiyo/Telepresence/Telepresence-Stack/ros2/tp_ws/install/tp_cmd_sub/share/tp_cmd_sub/package.zsh'
[1.242s] Level 1:colcon.colcon_core.environment:create_file_with_runtime_dependencies(/home/yiyo/Telepresence/Telepresence-Stack/ros2/tp_ws/install/tp_cmd_sub/share/colcon-core/packages/tp_cmd_sub)
[1.605s] DEBUG:colcon.colcon_core.event_handler.log_command:Invoking command in '/home/yiyo/Telepresence/Telepresence-Stack/ros2/tp_ws/build/tp_bringup': PYTHONPATH=/home/yiyo/Telepresence/Telepresence-Stack/ros2/tp_ws/build/tp_bringup/prefix_override:/usr/lib/python3/dist-packages/colcon_core/task/python/colcon_distutils_commands:/home/yiyo/Telepresence/Telepresence-Stack/ros2/tp_ws/install/tp_bringup/lib/python3.10/site-packages:${PYTHONPATH} /usr/bin/python3 -W ignore:setup.py install is deprecated -W ignore:easy_install command is deprecated setup.py develop --editable --build-directory /home/yiyo/Telepresence/Telepresence-Stack/ros2/tp_ws/build/tp_bringup/build --no-deps symlink_data
[1.613s] DEBUG:colcon.colcon_core.event_handler.log_command:Invoking command in '/home/yiyo/Telepresence/Telepresence-Stack/ros2/tp_ws/build/tp_safety': PYTHONPATH=/home/yiyo/Telepresence/Telepresence-Stack/ros2/tp_ws/build/tp_safety/prefix_override:/usr/lib/python3/dist-packages/colcon_core/task/python/colcon_distutils_commands:/home/yiyo/Telepresence/Telepresence-Stack/ros2/tp_ws/install/tp_safety/lib/python3.10/site-packages:${PYTHONPATH} /usr/bin/python3 -W ignore:setup.py install is deprecated -W ignore:easy_install command is deprecated setup.py develop --editable --build-directory /home/yiyo/Telepresence/Telepresence-Stack/ros2/tp_ws/build/tp_safety/build --no-deps symlink_data
[2.170s] Level 1:colcon.colcon_core.shell:create_environment_hook('tp_bringup', 'pythonpath_develop')
[2.171s] INFO:colcon.colcon_core.shell:Creating environment hook '/home/yiyo/Telepresence/Telepresence-Stack/ros2/tp_ws/build/tp_bringup/share/tp_bringup/hook/pythonpath_develop.ps1'
[2.171s] DEBUG:colcon.colcon_core.event_handler.log_command:Invoked command in '/home/yiyo/Telepresence/Telepresence-Stack/ros2/tp_ws/build/tp_bringup' returned '0': PYTHONPATH=/home/yiyo/Telepresence/Telepresence-Stack/ros2/tp_ws/build/tp_bringup/prefix_override:/usr/lib/python3/dist-packages/colcon_core/task/python/colcon_distutils_commands:/home/yiyo/Telepresence/Telepresence-Stack/ros2/tp_ws/install/tp_bringup/lib/python3.10/site-packages:${PYTHONPATH} /usr/bin/python3 -W ignore:setup.py install is deprecated -W ignore:easy_install command is deprecated setup.py develop --editable --build-directory /home/yiyo/Telepresence/Telepresence-Stack/ros2/tp_ws/build/tp_bringup/build --no-deps symlink_data
[2.172s] INFO:colcon.colcon_core.shell:Creating environment descriptor '/home/yiyo/Telepresence/Telepresence-Stack/ros2/tp_ws/build/tp_bringup/share/tp_bringup/hook/pythonpath_develop.dsv'
[2.173s] INFO:colcon.colcon_core.shell:Creating environment hook '/home/yiyo/Telepresence/Telepresence-Stack/ros2/tp_ws/build/tp_bringup/share/tp_bringup/hook/pythonpath_develop.sh'
[2.176s] Level 1:colcon.colcon_core.environment:checking '/home/yiyo/Telepresence/Telepresence-Stack/ros2/tp_ws/install/tp_bringup' for CMake module files
[2.177s] Level 1:colcon.colcon_core.environment:checking '/home/yiyo/Telepresence/Telepresence-Stack/ros2/tp_ws/install/tp_bringup' for CMake config files
[2.178s] Level 1:colcon.colcon_core.environment:checking '/home/yiyo/Telepresence/Telepresence-Stack/ros2/tp_ws/install/tp_bringup/lib'
[2.178s] Level 1:colcon.colcon_core.environment:checking '/home/yiyo/Telepresence/Telepresence-Stack/ros2/tp_ws/install/tp_bringup/bin'
[2.178s] Level 1:colcon.colcon_core.environment:checking '/home/yiyo/Telepresence/Telepresence-Stack/ros2/tp_ws/install/tp_bringup/lib/pkgconfig/tp_bringup.pc'
[2.179s] Level 1:colcon.colcon_core.environment:checking '/home/yiyo/Telepresence/Telepresence-Stack/ros2/tp_ws/install/tp_bringup/lib/python3.10/site-packages'
[2.179s] Level 1:colcon.colcon_core.shell:create_environment_hook('tp_bringup', 'pythonpath')
[2.180s] INFO:colcon.colcon_core.shell:Creating environment hook '/home/yiyo/Telepresence/Telepresence-Stack/ros2/tp_ws/install/tp_bringup/share/tp_bringup/hook/pythonpath.ps1'
[2.181s] INFO:colcon.colcon_core.shell:Creating environment descriptor '/home/yiyo/Telepresence/Telepresence-Stack/ros2/tp_ws/install/tp_bringup/share/tp_bringup/hook/pythonpath.dsv'
[2.182s] INFO:colcon.colcon_core.shell:Creating environment hook '/home/yiyo/Telepresence/Telepresence-Stack/ros2/tp_ws/install/tp_bringup/share/tp_bringup/hook/pythonpath.sh'
[2.183s] Level 1:colcon.colcon_core.environment:checking '/home/yiyo/Telepresence/Telepresence-Stack/ros2/tp_ws/install/tp_bringup/bin'
[2.183s] Level 1:colcon.colcon_core.environment:create_environment_scripts_only(tp_bringup)
[2.184s] INFO:colcon.colcon_core.shell:Creating package script '/home/yiyo/Telepresence/Telepresence-Stack/ros2/tp_ws/install/tp_bringup/share/tp_bringup/package.ps1'
[2.186s] INFO:colcon.colcon_core.shell:Creating package descriptor '/home/yiyo/Telepresence/Telepresence-Stack/ros2/tp_ws/install/tp_bringup/share/tp_bringup/package.dsv'
[2.187s] INFO:colcon.colcon_core.shell:Creating package script '/home/yiyo/Telepresence/Telepresence-Stack/ros2/tp_ws/install/tp_bringup/share/tp_bringup/package.sh'
[2.189s] INFO:colcon.colcon_core.shell:Creating package script '/home/yiyo/Telepresence/Telepresence-Stack/ros2/tp_ws/install/tp_bringup/share/tp_bringup/package.bash'
[2.190s] INFO:colcon.colcon_core.shell:Creating package script '/home/yiyo/Telepresence/Telepresence-Stack/ros2/tp_ws/install/tp_bringup/share/tp_bringup/package.zsh'
[2.191s] Level 1:colcon.colcon_core.environment:create_file_with_runtime_dependencies(/home/yiyo/Telepresence/Telepresence-Stack/ros2/tp_ws/install/tp_bringup/share/colcon-core/packages/tp_bringup)
[2.192s] Level 1:colcon.colcon_core.shell:create_environment_hook('tp_safety', 'pythonpath_develop')
[2.193s] INFO:colcon.colcon_core.shell:Creating environment hook '/home/yiyo/Telepresence/Telepresence-Stack/ros2/tp_ws/build/tp_safety/share/tp_safety/hook/pythonpath_develop.ps1'
[2.195s] DEBUG:colcon.colcon_core.event_handler.log_command:Invoked command in '/home/yiyo/Telepresence/Telepresence-Stack/ros2/tp_ws/build/tp_safety' returned '0': PYTHONPATH=/home/yiyo/Telepresence/Telepresence-Stack/ros2/tp_ws/build/tp_safety/prefix_override:/usr/lib/python3/dist-packages/colcon_core/task/python/colcon_distutils_commands:/home/yiyo/Telepresence/Telepresence-Stack/ros2/tp_ws/install/tp_safety/lib/python3.10/site-packages:${PYTHONPATH} /usr/bin/python3 -W ignore:setup.py install is deprecated -W ignore:easy_install command is deprecated setup.py develop --editable --build-directory /home/yiyo/Telepresence/Telepresence-Stack/ros2/tp_ws/build/tp_safety/build --no-deps symlink_data
[2.195s] INFO:colcon.colcon_core.shell:Creating environment descriptor '/home/yiyo/Telepresence/Telepresence-Stack/ros2/tp_ws/build/tp_safety/share/tp_safety/hook/pythonpath_develop.dsv'
[2.196s] INFO:colcon.colcon_core.shell:Creating environment hook '/home/yiyo/Telepresence/Telepresence-Stack/ros2/tp_ws/build/tp_safety/share/tp_safety/hook/pythonpath_develop.sh'
[2.197s] Level 1:colcon.colcon_core.environment:checking '/home/yiyo/Telepresence/Telepresence-Stack/ros2/tp_ws/install/tp_safety' for CMake module files
[2.198s] Level 1:colcon.colcon_core.environment:checking '/home/yiyo/Telepresence/Telepresence-Stack/ros2/tp_ws/install/tp_safety' for CMake config files
[2.199s] Level 1:colcon.colcon_core.environment:checking '/home/yiyo/Telepresence/Telepresence-Stack/ros2/tp_ws/install/tp_safety/lib'
[2.200s] Level 1:colcon.colcon_core.environment:checking '/home/yiyo/Telepresence/Telepresence-Stack/ros2/tp_ws/install/tp_safety/bin'
[2.200s] Level 1:colcon.colcon_core.environment:checking '/home/yiyo/Telepresence/Telepresence-Stack/ros2/tp_ws/install/tp_safety/lib/pkgconfig/tp_safety.pc'
[2.200s] Level 1:colcon.colcon_core.environment:checking '/home/yiyo/Telepresence/Telepresence-Stack/ros2/tp_ws/install/tp_safety/lib/python3.10/site-packages'
[2.201s] Level 1:colcon.colcon_core.shell:create_environment_hook('tp_safety', 'pythonpath')
[2.201s] INFO:colcon.colcon_core.shell:Creating environment hook '/home/yiyo/Telepresence/Telepresence-Stack/ros2/tp_ws/install/tp_safety/share/tp_safety/hook/pythonpath.ps1'
[2.202s] INFO:colcon.colcon_core.shell:Creating environment descriptor '/home/yiyo/Telepresence/Telepresence-Stack/ros2/tp_ws/install/tp_safety/share/tp_safety/hook/pythonpath.dsv'
[2.203s] INFO:colcon.colcon_core.shell:Creating environment hook '/home/yiyo/Telepresence/Telepresence-Stack/ros2/tp_ws/install/tp_safety/share/tp_safety/hook/pythonpath.sh'
[2.204s] Level 1:colcon.colcon_core.environment:checking '/home/yiyo/Telepresence/Telepresence-Stack/ros2/tp_ws/install/tp_safety/bin'
[2.205s] Level 1:colcon.colcon_core.environment:create_environment_scripts_only(tp_safety)
[2.206s] INFO:colcon.colcon_core.shell:Creating package script '/home/yiyo/Telepresence/Telepresence-Stack/ros2/tp_ws/install/tp_safety/share/tp_safety/package.ps1'
[2.208s] INFO:colcon.colcon_core.shell:Creating package descriptor '/home/yiyo/Telepresence/Telepresence-Stack/ros2/tp_ws/install/tp_safety/share/tp_safety/package.dsv'
[2.209s] INFO:colcon.colcon_core.shell:Creating package script '/home/yiyo/Telepresence/Telepresence-Stack/ros2/tp_ws/install/tp_safety/share/tp_safety/package.sh'
[2.210s] INFO:colcon.colcon_core.shell:Creating package script '/home/yiyo/Telepresence/Telepresence-Stack/ros2/tp_ws/install/tp_safety/share/tp_safety/package.bash'
[2.211s] INFO:colcon.colcon_core.shell:Creating package script '/home/yiyo/Telepresence/Telepresence-Stack/ros2/tp_ws/install/tp_safety/share/tp_safety/package.zsh'
[2.212s] Level 1:colcon.colcon_core.environment:create_file_with_runtime_dependencies(/home/yiyo/Telepresence/Telepresence-Stack/ros2/tp_ws/install/tp_safety/share/colcon-core/packages/tp_safety)
[2.213s] DEBUG:colcon.colcon_parallel_executor.executor.parallel:closing loop
[2.214s] DEBUG:colcon.colcon_parallel_executor.executor.parallel:loop closed
[2.214s] DEBUG:colcon.colcon_parallel_executor.executor.parallel:run_until_complete finished with '0'
[2.214s] DEBUG:colcon.colcon_core.event_reactor:joining thread
[2.227s] INFO:colcon.colcon_core.plugin_system:Skipping extension 'colcon_notification.desktop_notification.terminal_notifier': Not used on non-Darwin systems
[2.227s] INFO:colcon.colcon_core.plugin_system:Skipping extension 'colcon_notification.desktop_notification.win32': Not used on non-Windows systems
[2.228s] INFO:colcon.colcon_notification.desktop_notification:Sending desktop notification using 'notify2'
[2.257s] DEBUG:colcon.colcon_core.event_reactor:joined thread
[2.258s] INFO:colcon.colcon_core.shell:Creating prefix script '/home/yiyo/Telepresence/Telepresence-Stack/ros2/tp_ws/install/local_setup.ps1'
[2.261s] INFO:colcon.colcon_core.shell:Creating prefix util module '/home/yiyo/Telepresence/Telepresence-Stack/ros2/tp_ws/install/_local_setup_util_ps1.py'
[2.266s] INFO:colcon.colcon_core.shell:Creating prefix chain script '/home/yiyo/Telepresence/Telepresence-Stack/ros2/tp_ws/install/setup.ps1'
[2.272s] INFO:colcon.colcon_core.shell:Creating prefix script '/home/yiyo/Telepresence/Telepresence-Stack/ros2/tp_ws/install/local_setup.sh'
[2.273s] INFO:colcon.colcon_core.shell:Creating prefix util module '/home/yiyo/Telepresence/Telepresence-Stack/ros2/tp_ws/install/_local_setup_util_sh.py'
[2.275s] INFO:colcon.colcon_core.shell:Creating prefix chain script '/home/yiyo/Telepresence/Telepresence-Stack/ros2/tp_ws/install/setup.sh'
[2.281s] INFO:colcon.colcon_core.shell:Creating prefix script '/home/yiyo/Telepresence/Telepresence-Stack/ros2/tp_ws/install/local_setup.bash'
[2.283s] INFO:colcon.colcon_core.shell:Creating prefix chain script '/home/yiyo/Telepresence/Telepresence-Stack/ros2/tp_ws/install/setup.bash'
[2.288s] INFO:colcon.colcon_core.shell:Creating prefix script '/home/yiyo/Telepresence/Telepresence-Stack/ros2/tp_ws/install/local_setup.zsh'
[2.290s] INFO:colcon.colcon_core.shell:Creating prefix chain script '/home/yiyo/Telepresence/Telepresence-Stack/ros2/tp_ws/install/setup.zsh'
