running develop
running egg_info
creating tp_bringup.egg-info
writing tp_bringup.egg-info/PKG-INFO
writing dependency_links to tp_bringup.egg-info/dependency_links.txt
writing entry points to tp_bringup.egg-info/entry_points.txt
writing requirements to tp_bringup.egg-info/requires.txt
writing top-level names to tp_bringup.egg-info/top_level.txt
writing manifest file 'tp_bringup.egg-info/SOURCES.txt'
reading manifest file 'tp_bringup.egg-info/SOURCES.txt'
writing manifest file 'tp_bringup.egg-info/SOURCES.txt'
running build_ext
Creating /home/yiyo/Telepresence/Telepresence-Stack/ros2/tp_ws/install/tp_bringup/lib/python3.10/site-packages/tp-bringup.egg-link (link to .)

Installed /home/yiyo/Telepresence/Telepresence-Stack/ros2/tp_ws/build/tp_bringup
running symlink_data
creating /home/yiyo/Telepresence/Telepresence-Stack/ros2/tp_ws/install/tp_bringup/share/ament_index
creating /home/yiyo/Telepresence/Telepresence-Stack/ros2/tp_ws/install/tp_bringup/share/ament_index/resource_index
creating /home/yiyo/Telepresence/Telepresence-Stack/ros2/tp_ws/install/tp_bringup/share/ament_index/resource_index/packages
symbolically linking /home/yiyo/Telepresence/Telepresence-Stack/ros2/tp_ws/build/tp_bringup/resource/tp_bringup -> /home/yiyo/Telepresence/Telepresence-Stack/ros2/tp_ws/install/tp_bringup/share/ament_index/resource_index/packages
symbolically linking /home/yiyo/Telepresence/Telepresence-Stack/ros2/tp_ws/build/tp_bringup/package.xml -> /home/yiyo/Telepresence/Telepresence-Stack/ros2/tp_ws/install/tp_bringup/share/tp_bringup
