[1.268s] Invoking command in '/home/yiyo/Telepresence/Telepresence-Stack/ros2/tp_ws/build/tp_bringup': PYTHONPATH=/home/yiyo/Telepresence/Telepresence-Stack/ros2/tp_ws/build/tp_bringup/prefix_override:/usr/lib/python3/dist-packages/colcon_core/task/python/colcon_distutils_commands:/home/yiyo/Telepresence/Telepresence-Stack/ros2/tp_ws/install/tp_bringup/lib/python3.10/site-packages:${PYTHONPATH} /usr/bin/python3 -W ignore:setup.py install is deprecated -W ignore:easy_install command is deprecated setup.py develop --editable --build-directory /home/yiyo/Telepresence/Telepresence-Stack/ros2/tp_ws/build/tp_bringup/build --no-deps symlink_data
[1.604s] running develop
[1.808s] running egg_info
[1.808s] creating tp_bringup.egg-info
[1.808s] writing tp_bringup.egg-info/PKG-INFO
[1.808s] writing dependency_links to tp_bringup.egg-info/dependency_links.txt
[1.808s] writing entry points to tp_bringup.egg-info/entry_points.txt
[1.809s] writing requirements to tp_bringup.egg-info/requires.txt
[1.809s] writing top-level names to tp_bringup.egg-info/top_level.txt
[1.809s] writing manifest file 'tp_bringup.egg-info/SOURCES.txt'
[1.811s] reading manifest file 'tp_bringup.egg-info/SOURCES.txt'
[1.812s] writing manifest file 'tp_bringup.egg-info/SOURCES.txt'
[1.814s] running build_ext
[1.814s] Creating /home/yiyo/Telepresence/Telepresence-Stack/ros2/tp_ws/install/tp_bringup/lib/python3.10/site-packages/tp-bringup.egg-link (link to .)
[1.816s] 
[1.816s] Installed /home/yiyo/Telepresence/Telepresence-Stack/ros2/tp_ws/build/tp_bringup
[1.816s] running symlink_data
[1.816s] creating /home/yiyo/Telepresence/Telepresence-Stack/ros2/tp_ws/install/tp_bringup/share/ament_index
[1.817s] creating /home/yiyo/Telepresence/Telepresence-Stack/ros2/tp_ws/install/tp_bringup/share/ament_index/resource_index
[1.817s] creating /home/yiyo/Telepresence/Telepresence-Stack/ros2/tp_ws/install/tp_bringup/share/ament_index/resource_index/packages
[1.817s] symbolically linking /home/yiyo/Telepresence/Telepresence-Stack/ros2/tp_ws/build/tp_bringup/resource/tp_bringup -> /home/yiyo/Telepresence/Telepresence-Stack/ros2/tp_ws/install/tp_bringup/share/ament_index/resource_index/packages
[1.817s] symbolically linking /home/yiyo/Telepresence/Telepresence-Stack/ros2/tp_ws/build/tp_bringup/package.xml -> /home/yiyo/Telepresence/Telepresence-Stack/ros2/tp_ws/install/tp_bringup/share/tp_bringup
[1.873s] Invoked command in '/home/yiyo/Telepresence/Telepresence-Stack/ros2/tp_ws/build/tp_bringup' returned '0': PYTHONPATH=/home/yiyo/Telepresence/Telepresence-Stack/ros2/tp_ws/build/tp_bringup/prefix_override:/usr/lib/python3/dist-packages/colcon_core/task/python/colcon_distutils_commands:/home/yiyo/Telepresence/Telepresence-Stack/ros2/tp_ws/install/tp_bringup/lib/python3.10/site-packages:${PYTHONPATH} /usr/bin/python3 -W ignore:setup.py install is deprecated -W ignore:easy_install command is deprecated setup.py develop --editable --build-directory /home/yiyo/Telepresence/Telepresence-Stack/ros2/tp_ws/build/tp_bringup/build --no-deps symlink_data
